{"/home/travis/build/npmtest/node-npmtest-gl-shader/test.js":{"path":"/home/travis/build/npmtest/node-npmtest-gl-shader/test.js","s":{"1":2,"2":2,"3":2,"4":2,"5":2,"6":2,"7":2,"8":1,"9":2,"10":2,"11":1,"12":1,"13":1,"14":1,"15":2,"16":2,"17":2,"18":2,"19":1,"20":1,"21":2,"22":2,"23":2,"24":1,"25":1,"26":1,"27":1,"28":1,"29":1,"30":1,"31":1,"32":1,"33":1,"34":1,"35":1,"36":1,"37":1,"38":1,"39":2,"40":2,"41":1,"42":2,"43":2,"44":1,"45":2,"46":2,"47":1,"48":2,"49":2,"50":1,"51":1,"52":1,"53":1,"54":1},"b":{"1":[2,1,1,1],"2":[1,1,1,1],"3":[1,1],"4":[1,1],"5":[1,1],"6":[1,1],"7":[1,1],"8":[1,1],"9":[1,1],"10":[1,1,1],"11":[1,1],"12":[1,1],"13":[1,1],"14":[1,1],"15":[1,1],"16":[1,1],"17":[1,1]},"f":{"1":2,"2":2,"3":2,"4":2,"5":2,"6":1,"7":1,"8":1,"9":2,"10":2,"11":2,"12":2,"13":1},"fnMap":{"1":{"name":"(anonymous_1)","line":12,"loc":{"start":{"line":12,"column":1},"end":{"line":12,"column":13}}},"2":{"name":"(anonymous_2)","line":19,"loc":{"start":{"line":19,"column":5},"end":{"line":19,"column":17}}},"3":{"name":"(anonymous_3)","line":23,"loc":{"start":{"line":23,"column":24},"end":{"line":23,"column":36}}},"4":{"name":"(anonymous_4)","line":61,"loc":{"start":{"line":61,"column":5},"end":{"line":61,"column":17}}},"5":{"name":"(anonymous_5)","line":82,"loc":{"start":{"line":82,"column":5},"end":{"line":82,"column":17}}},"6":{"name":"(anonymous_6)","line":91,"loc":{"start":{"line":91,"column":77},"end":{"line":94,"column":10}}},"7":{"name":"(anonymous_7)","line":112,"loc":{"start":{"line":112,"column":83},"end":{"line":115,"column":10}},"skip":true},"8":{"name":"(anonymous_8)","line":123,"loc":{"start":{"line":123,"column":77},"end":{"line":126,"column":10}},"skip":true},"9":{"name":"(anonymous_9)","line":139,"loc":{"start":{"line":139,"column":12},"end":{"line":139,"column":40}},"skip":true},"10":{"name":"(anonymous_10)","line":147,"loc":{"start":{"line":147,"column":77},"end":{"line":150,"column":10}},"skip":true},"11":{"name":"(anonymous_11)","line":158,"loc":{"start":{"line":158,"column":83},"end":{"line":161,"column":10}},"skip":true},"12":{"name":"(anonymous_12)","line":169,"loc":{"start":{"line":169,"column":79},"end":{"line":172,"column":10}},"skip":true},"13":{"name":"(anonymous_13)","line":180,"loc":{"start":{"line":180,"column":75},"end":{"line":183,"column":10}},"skip":true}},"statementMap":{"1":{"start":{"line":12,"column":0},"end":{"line":195,"column":5}},"2":{"start":{"line":14,"column":4},"end":{"line":14,"column":14}},"3":{"start":{"line":19,"column":4},"end":{"line":56,"column":9}},"4":{"start":{"line":21,"column":8},"end":{"line":21,"column":19}},"5":{"start":{"line":23,"column":8},"end":{"line":35,"column":13}},"6":{"start":{"line":24,"column":12},"end":{"line":34,"column":13}},"7":{"start":{"line":25,"column":16},"end":{"line":28,"column":30}},"8":{"start":{"line":30,"column":16},"end":{"line":33,"column":27}},"9":{"start":{"line":37,"column":8},"end":{"line":39,"column":21}},"10":{"start":{"line":40,"column":8},"end":{"line":53,"column":9}},"11":{"start":{"line":43,"column":12},"end":{"line":46,"column":14}},"12":{"start":{"line":47,"column":12},"end":{"line":47,"column":18}},"13":{"start":{"line":50,"column":12},"end":{"line":51,"column":33}},"14":{"start":{"line":52,"column":12},"end":{"line":52,"column":18}},"15":{"start":{"line":55,"column":8},"end":{"line":55,"column":35}},"16":{"start":{"line":61,"column":4},"end":{"line":63,"column":9}},"17":{"start":{"line":62,"column":8},"end":{"line":62,"column":15}},"18":{"start":{"line":64,"column":4},"end":{"line":77,"column":5}},"19":{"start":{"line":70,"column":8},"end":{"line":70,"column":14}},"20":{"start":{"line":76,"column":8},"end":{"line":76,"column":14}},"21":{"start":{"line":82,"column":4},"end":{"line":84,"column":9}},"22":{"start":{"line":83,"column":8},"end":{"line":83,"column":15}},"23":{"start":{"line":85,"column":4},"end":{"line":194,"column":5}},"24":{"start":{"line":91,"column":8},"end":{"line":99,"column":10}},"25":{"start":{"line":98,"column":12},"end":{"line":98,"column":35}},"26":{"start":{"line":102,"column":8},"end":{"line":104,"column":63}},"27":{"start":{"line":105,"column":8},"end":{"line":105,"column":14}},"28":{"start":{"line":112,"column":8},"end":{"line":121,"column":10},"skip":true},"29":{"start":{"line":119,"column":12},"end":{"line":119,"column":55},"skip":true},"30":{"start":{"line":120,"column":12},"end":{"line":120,"column":48},"skip":true},"31":{"start":{"line":123,"column":8},"end":{"line":136,"column":10},"skip":true},"32":{"start":{"line":130,"column":12},"end":{"line":130,"column":76},"skip":true},"33":{"start":{"line":131,"column":12},"end":{"line":131,"column":73},"skip":true},"34":{"start":{"line":132,"column":12},"end":{"line":132,"column":74},"skip":true},"35":{"start":{"line":133,"column":12},"end":{"line":133,"column":79},"skip":true},"36":{"start":{"line":134,"column":12},"end":{"line":134,"column":25},"skip":true},"37":{"start":{"line":135,"column":12},"end":{"line":135,"column":45},"skip":true},"38":{"start":{"line":138,"column":8},"end":{"line":145,"column":14},"skip":true},"39":{"start":{"line":143,"column":16},"end":{"line":143,"column":29},"skip":true},"40":{"start":{"line":144,"column":16},"end":{"line":144,"column":55},"skip":true},"41":{"start":{"line":147,"column":8},"end":{"line":156,"column":10},"skip":true},"42":{"start":{"line":154,"column":12},"end":{"line":154,"column":25},"skip":true},"43":{"start":{"line":155,"column":12},"end":{"line":155,"column":45},"skip":true},"44":{"start":{"line":158,"column":8},"end":{"line":167,"column":10},"skip":true},"45":{"start":{"line":165,"column":12},"end":{"line":165,"column":25},"skip":true},"46":{"start":{"line":166,"column":12},"end":{"line":166,"column":48},"skip":true},"47":{"start":{"line":169,"column":8},"end":{"line":178,"column":10},"skip":true},"48":{"start":{"line":176,"column":12},"end":{"line":176,"column":25},"skip":true},"49":{"start":{"line":177,"column":12},"end":{"line":177,"column":46},"skip":true},"50":{"start":{"line":180,"column":8},"end":{"line":189,"column":10},"skip":true},"51":{"start":{"line":187,"column":12},"end":{"line":187,"column":94},"skip":true},"52":{"start":{"line":188,"column":12},"end":{"line":188,"column":48},"skip":true},"53":{"start":{"line":192,"column":8},"end":{"line":192,"column":35},"skip":true},"54":{"start":{"line":193,"column":8},"end":{"line":193,"column":14},"skip":true}},"branchMap":{"1":{"line":25,"type":"binary-expr","locations":[{"start":{"line":25,"column":23},"end":{"line":25,"column":62}},{"start":{"line":26,"column":20},"end":{"line":26,"column":70}},{"start":{"line":27,"column":20},"end":{"line":27,"column":71}},{"start":{"line":28,"column":20},"end":{"line":28,"column":29}}]},"2":{"line":30,"type":"binary-expr","locations":[{"start":{"line":30,"column":23},"end":{"line":30,"column":37}},{"start":{"line":31,"column":20},"end":{"line":31,"column":61}},{"start":{"line":32,"column":20},"end":{"line":32,"column":70}},{"start":{"line":33,"column":20},"end":{"line":33,"column":26}}]},"3":{"line":37,"type":"cond-expr","locations":[{"start":{"line":38,"column":14},"end":{"line":38,"column":20}},{"start":{"line":39,"column":14},"end":{"line":39,"column":20}}]},"4":{"line":40,"type":"switch","locations":[{"start":{"line":42,"column":8},"end":{"line":47,"column":18}},{"start":{"line":49,"column":8},"end":{"line":52,"column":18}}]},"5":{"line":44,"type":"binary-expr","locations":[{"start":{"line":44,"column":16},"end":{"line":44,"column":44}},{"start":{"line":44,"column":48},"end":{"line":44,"column":66}}]},"6":{"line":50,"type":"binary-expr","locations":[{"start":{"line":50,"column":21},"end":{"line":50,"column":49}},{"start":{"line":50,"column":53},"end":{"line":50,"column":72}}]},"7":{"line":64,"type":"switch","locations":[{"start":{"line":69,"column":4},"end":{"line":70,"column":14}},{"start":{"line":75,"column":4},"end":{"line":76,"column":14}}]},"8":{"line":85,"type":"switch","locations":[{"start":{"line":90,"column":4},"end":{"line":105,"column":14}},{"start":{"line":111,"column":4},"end":{"line":193,"column":14},"skip":true}]},"9":{"line":91,"type":"binary-expr","locations":[{"start":{"line":91,"column":42},"end":{"line":91,"column":73}},{"start":{"line":91,"column":77},"end":{"line":99,"column":9}}]},"10":{"line":102,"type":"binary-expr","locations":[{"start":{"line":102,"column":18},"end":{"line":102,"column":32}},{"start":{"line":103,"column":12},"end":{"line":103,"column":53}},{"start":{"line":104,"column":12},"end":{"line":104,"column":61}}]},"11":{"line":112,"type":"binary-expr","locations":[{"start":{"line":112,"column":45},"end":{"line":112,"column":79},"skip":true},{"start":{"line":112,"column":83},"end":{"line":121,"column":9},"skip":true}]},"12":{"line":123,"type":"binary-expr","locations":[{"start":{"line":123,"column":42},"end":{"line":123,"column":73},"skip":true},{"start":{"line":123,"column":77},"end":{"line":136,"column":9},"skip":true}]},"13":{"line":138,"type":"binary-expr","locations":[{"start":{"line":138,"column":48},"end":{"line":138,"column":85},"skip":true},{"start":{"line":139,"column":12},"end":{"line":145,"column":13},"skip":true}]},"14":{"line":147,"type":"binary-expr","locations":[{"start":{"line":147,"column":42},"end":{"line":147,"column":73},"skip":true},{"start":{"line":147,"column":77},"end":{"line":156,"column":9},"skip":true}]},"15":{"line":158,"type":"binary-expr","locations":[{"start":{"line":158,"column":45},"end":{"line":158,"column":79},"skip":true},{"start":{"line":158,"column":83},"end":{"line":167,"column":9},"skip":true}]},"16":{"line":169,"type":"binary-expr","locations":[{"start":{"line":169,"column":43},"end":{"line":169,"column":75},"skip":true},{"start":{"line":169,"column":79},"end":{"line":178,"column":9},"skip":true}]},"17":{"line":180,"type":"binary-expr","locations":[{"start":{"line":180,"column":41},"end":{"line":180,"column":71},"skip":true},{"start":{"line":180,"column":75},"end":{"line":189,"column":9},"skip":true}]}},"code":["/* istanbul instrument in package npmtest_gl_shader */","/*jslint","    bitwise: true,","    browser: true,","    maxerr: 8,","    maxlen: 96,","    node: true,","    nomen: true,","    regexp: true,","    stupid: true","*/","(function () {","    'use strict';","    var local;","","","","    // run shared js-env code - pre-init","    (function () {","        // init local","        local = {};","        // init modeJs","        local.modeJs = (function () {","            try {","                return typeof navigator.userAgent === 'string' &&","                    typeof document.querySelector('body') === 'object' &&","                    typeof XMLHttpRequest.prototype.open === 'function' &&","                    'browser';","            } catch (errorCaughtBrowser) {","                return module.exports &&","                    typeof process.versions.node === 'string' &&","                    typeof require('http').createServer === 'function' &&","                    'node';","            }","        }());","        // init global","        local.global = local.modeJs === 'browser'","            ? window","            : global;","        switch (local.modeJs) {","        // re-init local from window.local","        case 'browser':","            local = local.global.utility2.objectSetDefault(","                local.global.utility2_rollup || local.global.local,","                local.global.utility2","            );","            break;","        // re-init local from example.js","        case 'node':","            local = (local.global.utility2_rollup || require('utility2'))","                .requireReadme();","            break;","        }","        // export local","        local.global.local = local;","    }());","","","","    // run shared js-env code - function","    (function () {","        return;","    }());","    switch (local.modeJs) {","","","","    // run browser js-env code - function","    case 'browser':","        break;","","","","    // run node js-env code - function","    case 'node':","        break;","    }","","","","    // run shared js-env code - post-init","    (function () {","        return;","    }());","    switch (local.modeJs) {","","","","    // run browser js-env code - post-init","    case 'browser':","        local.testCase_browser_nullCase = local.testCase_browser_nullCase || function (","            options,","            onError","        ) {","        /*","         * this function will test browsers's null-case handling-behavior-behavior","         */","            onError(null, options);","        };","","        // run tests","        local.nop(local.modeTest &&","            document.querySelector('#testRunButton1') &&","            document.querySelector('#testRunButton1').click());","        break;","","","","    // run node js-env code - post-init","    /* istanbul ignore next */","    case 'node':","        local.testCase_buildApidoc_default = local.testCase_buildApidoc_default || function (","            options,","            onError","        ) {","        /*","         * this function will test buildApidoc's default handling-behavior-behavior","         */","            options = { modulePathList: module.paths };","            local.buildApidoc(options, onError);","        };","","        local.testCase_buildApp_default = local.testCase_buildApp_default || function (","            options,","            onError","        ) {","        /*","         * this function will test buildApp's default handling-behavior-behavior","         */","            local.testCase_buildReadme_default(options, local.onErrorThrow);","            local.testCase_buildLib_default(options, local.onErrorThrow);","            local.testCase_buildTest_default(options, local.onErrorThrow);","            local.testCase_buildCustomOrg_default(options, local.onErrorThrow);","            options = [];","            local.buildApp(options, onError);","        };","","        local.testCase_buildCustomOrg_default = local.testCase_buildCustomOrg_default ||","            function (options, onError) {","            /*","             * this function will test buildCustomOrg's default handling-behavior","             */","                options = {};","                local.buildCustomOrg(options, onError);","            };","","        local.testCase_buildLib_default = local.testCase_buildLib_default || function (","            options,","            onError","        ) {","        /*","         * this function will test buildLib's default handling-behavior","         */","            options = {};","            local.buildLib(options, onError);","        };","","        local.testCase_buildReadme_default = local.testCase_buildReadme_default || function (","            options,","            onError","        ) {","        /*","         * this function will test buildReadme's default handling-behavior-behavior","         */","            options = {};","            local.buildReadme(options, onError);","        };","","        local.testCase_buildTest_default = local.testCase_buildTest_default || function (","            options,","            onError","        ) {","        /*","         * this function will test buildTest's default handling-behavior","         */","            options = {};","            local.buildTest(options, onError);","        };","","        local.testCase_webpage_default = local.testCase_webpage_default || function (","            options,","            onError","        ) {","        /*","         * this function will test webpage's default handling-behavior","         */","            options = { modeCoverageMerge: true, url: local.serverLocalHost + '?modeTest=1' };","            local.browserTest(options, onError);","        };","","        // run test-server","        local.testRunServer(local);","        break;","    }","}());",""],"l":{"12":2,"14":2,"19":2,"21":2,"23":2,"24":2,"25":2,"30":1,"37":2,"40":2,"43":1,"47":1,"50":1,"52":1,"55":2,"61":2,"62":2,"64":2,"70":1,"76":1,"82":2,"83":2,"85":2,"91":1,"98":1,"102":1,"105":1,"112":1,"119":1,"120":1,"123":1,"130":1,"131":1,"132":1,"133":1,"134":1,"135":1,"138":1,"143":2,"144":2,"147":1,"154":2,"155":2,"158":1,"165":2,"166":2,"169":1,"176":2,"177":2,"180":1,"187":1,"188":1,"192":1,"193":1}},"/home/travis/build/npmtest/node-npmtest-gl-shader/lib.npmtest_gl_shader.js":{"path":"/home/travis/build/npmtest/node-npmtest-gl-shader/lib.npmtest_gl_shader.js","s":{"1":2,"2":2,"3":2,"4":2,"5":2,"6":2,"7":2,"8":1,"9":2,"10":2,"11":2,"12":2,"13":1,"14":1,"15":1,"16":1},"b":{"1":[2,1,1,1],"2":[1,1,1,1],"3":[1,1],"4":[2,2],"5":[1,1]},"f":{"1":2,"2":2,"3":2},"fnMap":{"1":{"name":"(anonymous_1)","line":12,"loc":{"start":{"line":12,"column":1},"end":{"line":12,"column":13}}},"2":{"name":"(anonymous_2)","line":19,"loc":{"start":{"line":19,"column":5},"end":{"line":19,"column":17}}},"3":{"name":"(anonymous_3)","line":23,"loc":{"start":{"line":23,"column":24},"end":{"line":23,"column":36}}}},"statementMap":{"1":{"start":{"line":12,"column":0},"end":{"line":53,"column":5}},"2":{"start":{"line":14,"column":4},"end":{"line":14,"column":14}},"3":{"start":{"line":19,"column":4},"end":{"line":52,"column":9}},"4":{"start":{"line":21,"column":8},"end":{"line":21,"column":19}},"5":{"start":{"line":23,"column":8},"end":{"line":35,"column":13}},"6":{"start":{"line":24,"column":12},"end":{"line":34,"column":13}},"7":{"start":{"line":25,"column":16},"end":{"line":28,"column":30}},"8":{"start":{"line":30,"column":16},"end":{"line":33,"column":27}},"9":{"start":{"line":37,"column":8},"end":{"line":39,"column":21}},"10":{"start":{"line":41,"column":8},"end":{"line":41,"column":54}},"11":{"start":{"line":43,"column":8},"end":{"line":43,"column":54}},"12":{"start":{"line":45,"column":8},"end":{"line":51,"column":9}},"13":{"start":{"line":46,"column":12},"end":{"line":46,"column":60}},"14":{"start":{"line":48,"column":12},"end":{"line":48,"column":35}},"15":{"start":{"line":49,"column":12},"end":{"line":49,"column":49}},"16":{"start":{"line":50,"column":12},"end":{"line":50,"column":43}}},"branchMap":{"1":{"line":25,"type":"binary-expr","locations":[{"start":{"line":25,"column":23},"end":{"line":25,"column":62}},{"start":{"line":26,"column":20},"end":{"line":26,"column":70}},{"start":{"line":27,"column":20},"end":{"line":27,"column":71}},{"start":{"line":28,"column":20},"end":{"line":28,"column":29}}]},"2":{"line":30,"type":"binary-expr","locations":[{"start":{"line":30,"column":23},"end":{"line":30,"column":37}},{"start":{"line":31,"column":20},"end":{"line":31,"column":61}},{"start":{"line":32,"column":20},"end":{"line":32,"column":70}},{"start":{"line":33,"column":20},"end":{"line":33,"column":26}}]},"3":{"line":37,"type":"cond-expr","locations":[{"start":{"line":38,"column":14},"end":{"line":38,"column":20}},{"start":{"line":39,"column":14},"end":{"line":39,"column":20}}]},"4":{"line":41,"type":"binary-expr","locations":[{"start":{"line":41,"column":16},"end":{"line":41,"column":44}},{"start":{"line":41,"column":48},"end":{"line":41,"column":53}}]},"5":{"line":45,"type":"if","locations":[{"start":{"line":45,"column":8},"end":{"line":45,"column":8}},{"start":{"line":45,"column":8},"end":{"line":45,"column":8}}]}},"code":["/* istanbul instrument in package npmtest_gl_shader */","/*jslint","    bitwise: true,","    browser: true,","    maxerr: 8,","    maxlen: 96,","    node: true,","    nomen: true,","    regexp: true,","    stupid: true","*/","(function () {","    'use strict';","    var local;","","","","    // run shared js-env code - pre-init","    (function () {","        // init local","        local = {};","        // init modeJs","        local.modeJs = (function () {","            try {","                return typeof navigator.userAgent === 'string' &&","                    typeof document.querySelector('body') === 'object' &&","                    typeof XMLHttpRequest.prototype.open === 'function' &&","                    'browser';","            } catch (errorCaughtBrowser) {","                return module.exports &&","                    typeof process.versions.node === 'string' &&","                    typeof require('http').createServer === 'function' &&","                    'node';","            }","        }());","        // init global","        local.global = local.modeJs === 'browser'","            ? window","            : global;","        // init utility2_rollup","        local = local.global.utility2_rollup || local;","        // init lib","        local.local = local.npmtest_gl_shader = local;","        // init exports","        if (local.modeJs === 'browser') {","            local.global.utility2_npmtest_gl_shader = local;","        } else {","            module.exports = local;","            module.exports.__dirname = __dirname;","            module.exports.module = module;","        }","    }());","}());",""],"l":{"12":2,"14":2,"19":2,"21":2,"23":2,"24":2,"25":2,"30":1,"37":2,"41":2,"43":2,"45":2,"46":1,"48":1,"49":1,"50":1}},"/home/travis/build/npmtest/node-npmtest-gl-shader/example.js":{"path":"/home/travis/build/npmtest/node-npmtest-gl-shader/example.js","s":{"1":2,"2":2,"3":2,"4":2,"5":2,"6":2,"7":2,"8":1,"9":2,"10":2,"11":2,"12":2,"13":1,"14":2,"15":2,"16":2,"17":2,"18":2,"19":0,"20":2,"21":1,"22":1,"23":1,"24":1,"25":1,"26":0,"27":0,"28":1,"29":1,"30":2,"31":0,"32":0,"33":0,"34":1,"35":2,"36":2,"37":3,"38":3,"39":3,"40":3,"41":0,"42":3,"43":3,"44":3,"45":1,"46":3,"47":1,"48":1,"49":1,"50":1,"51":1,"52":1,"53":1,"54":1,"55":1,"56":1,"57":0,"58":1,"59":6,"60":6,"61":1,"62":2,"63":0,"64":2,"65":1,"66":1,"67":0,"68":0,"69":0,"70":0,"71":0,"72":0,"73":0,"74":0,"75":0,"76":0,"77":0,"78":0,"79":0,"80":0,"81":0,"82":0,"83":0},"b":{"1":[2,1,1,1],"2":[1,1,1,1],"3":[1,1],"4":[2,2],"5":[1,1],"6":[1,1],"7":[2,0],"8":[2,1,1,1,1,1],"9":[0,2,0],"10":[1,1],"11":[2,1,1],"12":[1,0],"13":[0,2],"14":[2,0,0,0,0,0,0],"15":[0,3],"16":[3,0],"17":[1,1],"18":[0,1],"19":[1,2,0,2],"20":[1,0],"21":[1,1],"22":[0,0],"23":[0,0],"24":[0,0],"25":[0,0],"26":[0,0],"27":[0,0],"28":[0,0]},"f":{"1":2,"2":2,"3":2,"4":2,"5":2,"6":2,"7":3,"8":3,"9":3,"10":1,"11":6,"12":0},"fnMap":{"1":{"name":"(anonymous_1)","line":26,"loc":{"start":{"line":26,"column":1},"end":{"line":26,"column":13}}},"2":{"name":"(anonymous_2)","line":33,"loc":{"start":{"line":33,"column":5},"end":{"line":33,"column":17}}},"3":{"name":"(anonymous_3)","line":37,"loc":{"start":{"line":37,"column":24},"end":{"line":37,"column":36}}},"4":{"name":"(anonymous_4)","line":69,"loc":{"start":{"line":69,"column":31},"end":{"line":69,"column":48}},"skip":true},"5":{"name":"(anonymous_5)","line":78,"loc":{"start":{"line":78,"column":26},"end":{"line":78,"column":45}},"skip":true},"6":{"name":"(anonymous_6)","line":123,"loc":{"start":{"line":123,"column":33},"end":{"line":123,"column":48}},"skip":true},"7":{"name":"(anonymous_7)","line":125,"loc":{"start":{"line":125,"column":27},"end":{"line":125,"column":39}},"skip":true},"8":{"name":"(anonymous_8)","line":133,"loc":{"start":{"line":133,"column":59},"end":{"line":133,"column":74}},"skip":true},"9":{"name":"(anonymous_9)","line":143,"loc":{"start":{"line":143,"column":45},"end":{"line":143,"column":62}},"skip":true},"10":{"name":"(anonymous_10)","line":144,"loc":{"start":{"line":144,"column":73},"end":{"line":144,"column":92}},"skip":true},"11":{"name":"(anonymous_11)","line":272,"loc":{"start":{"line":272,"column":51},"end":{"line":272,"column":77}},"skip":true},"12":{"name":"(anonymous_12)","line":315,"loc":{"start":{"line":315,"column":32},"end":{"line":315,"column":61}},"skip":true}},"statementMap":{"1":{"start":{"line":26,"column":0},"end":{"line":326,"column":5}},"2":{"start":{"line":28,"column":4},"end":{"line":28,"column":14}},"3":{"start":{"line":33,"column":4},"end":{"line":60,"column":9}},"4":{"start":{"line":35,"column":8},"end":{"line":35,"column":19}},"5":{"start":{"line":37,"column":8},"end":{"line":49,"column":13}},"6":{"start":{"line":38,"column":12},"end":{"line":48,"column":13}},"7":{"start":{"line":39,"column":16},"end":{"line":42,"column":30}},"8":{"start":{"line":44,"column":16},"end":{"line":47,"column":27}},"9":{"start":{"line":51,"column":8},"end":{"line":53,"column":21}},"10":{"start":{"line":55,"column":8},"end":{"line":57,"column":45}},"11":{"start":{"line":59,"column":8},"end":{"line":59,"column":35}},"12":{"start":{"line":61,"column":4},"end":{"line":325,"column":5}},"13":{"start":{"line":69,"column":8},"end":{"line":121,"column":10},"skip":true},"14":{"start":{"line":70,"column":12},"end":{"line":88,"column":13},"skip":true},"15":{"start":{"line":76,"column":16},"end":{"line":87,"column":19},"skip":true},"16":{"start":{"line":79,"column":20},"end":{"line":86,"column":21},"skip":true},"17":{"start":{"line":82,"column":24},"end":{"line":82,"column":43},"skip":true},"18":{"start":{"line":83,"column":24},"end":{"line":83,"column":30},"skip":true},"19":{"start":{"line":85,"column":24},"end":{"line":85,"column":49},"skip":true},"20":{"start":{"line":89,"column":12},"end":{"line":107,"column":13},"skip":true},"21":{"start":{"line":92,"column":16},"end":{"line":102,"column":17},"skip":true},"22":{"start":{"line":93,"column":20},"end":{"line":93,"column":86},"skip":true},"23":{"start":{"line":94,"column":20},"end":{"line":95,"column":45},"skip":true},"24":{"start":{"line":96,"column":20},"end":{"line":96,"column":42},"skip":true},"25":{"start":{"line":97,"column":20},"end":{"line":97,"column":48},"skip":true},"26":{"start":{"line":100,"column":20},"end":{"line":100,"column":85},"skip":true},"27":{"start":{"line":101,"column":20},"end":{"line":101,"column":96},"skip":true},"28":{"start":{"line":103,"column":16},"end":{"line":103,"column":22},"skip":true},"29":{"start":{"line":106,"column":16},"end":{"line":106,"column":22},"skip":true},"30":{"start":{"line":108,"column":12},"end":{"line":120,"column":13},"skip":true},"31":{"start":{"line":114,"column":16},"end":{"line":119,"column":17},"skip":true},"32":{"start":{"line":116,"column":20},"end":{"line":116,"column":78},"skip":true},"33":{"start":{"line":118,"column":20},"end":{"line":118,"column":47},"skip":true},"34":{"start":{"line":123,"column":8},"end":{"line":141,"column":11},"skip":true},"35":{"start":{"line":124,"column":12},"end":{"line":124,"column":54},"skip":true},"36":{"start":{"line":125,"column":12},"end":{"line":140,"column":14},"skip":true},"37":{"start":{"line":126,"column":16},"end":{"line":126,"column":28},"skip":true},"38":{"start":{"line":127,"column":16},"end":{"line":127,"column":69},"skip":true},"39":{"start":{"line":128,"column":16},"end":{"line":128,"column":75},"skip":true},"40":{"start":{"line":129,"column":16},"end":{"line":131,"column":17},"skip":true},"41":{"start":{"line":130,"column":20},"end":{"line":130,"column":27},"skip":true},"42":{"start":{"line":133,"column":16},"end":{"line":137,"column":36},"skip":true},"43":{"start":{"line":134,"column":20},"end":{"line":136,"column":55},"skip":true},"44":{"start":{"line":139,"column":16},"end":{"line":139,"column":57},"skip":true},"45":{"start":{"line":143,"column":8},"end":{"line":147,"column":11},"skip":true},"46":{"start":{"line":144,"column":12},"end":{"line":146,"column":15},"skip":true},"47":{"start":{"line":145,"column":16},"end":{"line":145,"column":70},"skip":true},"48":{"start":{"line":149,"column":8},"end":{"line":149,"column":31},"skip":true},"49":{"start":{"line":150,"column":8},"end":{"line":150,"column":14},"skip":true},"50":{"start":{"line":158,"column":8},"end":{"line":158,"column":31},"skip":true},"51":{"start":{"line":160,"column":8},"end":{"line":160,"column":33},"skip":true},"52":{"start":{"line":161,"column":8},"end":{"line":161,"column":37},"skip":true},"53":{"start":{"line":162,"column":8},"end":{"line":162,"column":35},"skip":true},"54":{"start":{"line":164,"column":8},"end":{"line":164,"column":50},"skip":true},"55":{"start":{"line":166,"column":8},"end":{"line":256,"column":2},"skip":true},"56":{"start":{"line":258,"column":8},"end":{"line":286,"column":9},"skip":true},"57":{"start":{"line":259,"column":12},"end":{"line":269,"column":14},"skip":true},"58":{"start":{"line":271,"column":12},"end":{"line":285,"column":19},"skip":true},"59":{"start":{"line":274,"column":20},"end":{"line":274,"column":35},"skip":true},"60":{"start":{"line":275,"column":20},"end":{"line":284,"column":21},"skip":true},"61":{"start":{"line":277,"column":24},"end":{"line":277,"column":64},"skip":true},"62":{"start":{"line":279,"column":24},"end":{"line":279,"column":40},"skip":true},"63":{"start":{"line":281,"column":24},"end":{"line":281,"column":40},"skip":true},"64":{"start":{"line":283,"column":24},"end":{"line":283,"column":39},"skip":true},"65":{"start":{"line":288,"column":8},"end":{"line":290,"column":9},"skip":true},"66":{"start":{"line":289,"column":12},"end":{"line":289,"column":18},"skip":true},"67":{"start":{"line":291,"column":8},"end":{"line":293,"column":54},"skip":true},"68":{"start":{"line":296,"column":8},"end":{"line":301,"column":37},"skip":true},"69":{"start":{"line":303,"column":8},"end":{"line":303,"column":82},"skip":true},"70":{"start":{"line":306,"column":8},"end":{"line":308,"column":9},"skip":true},"71":{"start":{"line":307,"column":12},"end":{"line":307,"column":82},"skip":true},"72":{"start":{"line":310,"column":8},"end":{"line":312,"column":9},"skip":true},"73":{"start":{"line":311,"column":12},"end":{"line":311,"column":18},"skip":true},"74":{"start":{"line":313,"column":8},"end":{"line":313,"column":54},"skip":true},"75":{"start":{"line":314,"column":8},"end":{"line":314,"column":69},"skip":true},"76":{"start":{"line":315,"column":8},"end":{"line":323,"column":36},"skip":true},"77":{"start":{"line":316,"column":12},"end":{"line":316,"column":61},"skip":true},"78":{"start":{"line":317,"column":12},"end":{"line":320,"column":13},"skip":true},"79":{"start":{"line":318,"column":16},"end":{"line":318,"column":75},"skip":true},"80":{"start":{"line":319,"column":16},"end":{"line":319,"column":23},"skip":true},"81":{"start":{"line":321,"column":12},"end":{"line":321,"column":38},"skip":true},"82":{"start":{"line":322,"column":12},"end":{"line":322,"column":27},"skip":true},"83":{"start":{"line":324,"column":8},"end":{"line":324,"column":14},"skip":true}},"branchMap":{"1":{"line":39,"type":"binary-expr","locations":[{"start":{"line":39,"column":23},"end":{"line":39,"column":62}},{"start":{"line":40,"column":20},"end":{"line":40,"column":70}},{"start":{"line":41,"column":20},"end":{"line":41,"column":71}},{"start":{"line":42,"column":20},"end":{"line":42,"column":29}}]},"2":{"line":44,"type":"binary-expr","locations":[{"start":{"line":44,"column":23},"end":{"line":44,"column":37}},{"start":{"line":45,"column":20},"end":{"line":45,"column":61}},{"start":{"line":46,"column":20},"end":{"line":46,"column":70}},{"start":{"line":47,"column":20},"end":{"line":47,"column":26}}]},"3":{"line":51,"type":"cond-expr","locations":[{"start":{"line":52,"column":14},"end":{"line":52,"column":20}},{"start":{"line":53,"column":14},"end":{"line":53,"column":20}}]},"4":{"line":55,"type":"binary-expr","locations":[{"start":{"line":55,"column":16},"end":{"line":55,"column":44}},{"start":{"line":55,"column":49},"end":{"line":57,"column":43}}]},"5":{"line":55,"type":"cond-expr","locations":[{"start":{"line":56,"column":14},"end":{"line":56,"column":53}},{"start":{"line":57,"column":14},"end":{"line":57,"column":43}}]},"6":{"line":61,"type":"switch","locations":[{"start":{"line":68,"column":4},"end":{"line":150,"column":14},"skip":true},{"start":{"line":156,"column":4},"end":{"line":324,"column":14},"skip":true}]},"7":{"line":70,"type":"if","locations":[{"start":{"line":70,"column":12},"end":{"line":70,"column":12},"skip":true},{"start":{"line":70,"column":12},"end":{"line":70,"column":12},"skip":true}]},"8":{"line":70,"type":"binary-expr","locations":[{"start":{"line":70,"column":16},"end":{"line":70,"column":22},"skip":true},{"start":{"line":70,"column":27},"end":{"line":70,"column":32},"skip":true},{"start":{"line":71,"column":20},"end":{"line":71,"column":39},"skip":true},{"start":{"line":72,"column":20},"end":{"line":72,"column":49},"skip":true},{"start":{"line":73,"column":20},"end":{"line":73,"column":58},"skip":true},{"start":{"line":74,"column":20},"end":{"line":74,"column":69},"skip":true}]},"9":{"line":79,"type":"switch","locations":[{"start":{"line":80,"column":20},"end":{"line":80,"column":33},"skip":true},{"start":{"line":81,"column":20},"end":{"line":83,"column":30},"skip":true},{"start":{"line":84,"column":20},"end":{"line":85,"column":49},"skip":true}]},"10":{"line":89,"type":"switch","locations":[{"start":{"line":90,"column":12},"end":{"line":103,"column":22},"skip":true},{"start":{"line":105,"column":12},"end":{"line":106,"column":22},"skip":true}]},"11":{"line":89,"type":"binary-expr","locations":[{"start":{"line":89,"column":20},"end":{"line":89,"column":25},"skip":true},{"start":{"line":89,"column":29},"end":{"line":89,"column":48},"skip":true},{"start":{"line":89,"column":52},"end":{"line":89,"column":74},"skip":true}]},"12":{"line":92,"type":"if","locations":[{"start":{"line":92,"column":16},"end":{"line":92,"column":16},"skip":true},{"start":{"line":92,"column":16},"end":{"line":92,"column":16},"skip":true}]},"13":{"line":108,"type":"if","locations":[{"start":{"line":108,"column":12},"end":{"line":108,"column":12},"skip":true},{"start":{"line":108,"column":12},"end":{"line":108,"column":12},"skip":true}]},"14":{"line":108,"type":"binary-expr","locations":[{"start":{"line":108,"column":16},"end":{"line":108,"column":61},"skip":true},{"start":{"line":108,"column":66},"end":{"line":108,"column":72},"skip":true},{"start":{"line":108,"column":77},"end":{"line":108,"column":82},"skip":true},{"start":{"line":109,"column":20},"end":{"line":109,"column":39},"skip":true},{"start":{"line":110,"column":20},"end":{"line":110,"column":49},"skip":true},{"start":{"line":111,"column":20},"end":{"line":111,"column":58},"skip":true},{"start":{"line":112,"column":20},"end":{"line":112,"column":68},"skip":true}]},"15":{"line":129,"type":"if","locations":[{"start":{"line":129,"column":16},"end":{"line":129,"column":16},"skip":true},{"start":{"line":129,"column":16},"end":{"line":129,"column":16},"skip":true}]},"16":{"line":134,"type":"cond-expr","locations":[{"start":{"line":135,"column":26},"end":{"line":135,"column":29},"skip":true},{"start":{"line":136,"column":26},"end":{"line":136,"column":54},"skip":true}]},"17":{"line":164,"type":"binary-expr","locations":[{"start":{"line":164,"column":27},"end":{"line":164,"column":43},"skip":true},{"start":{"line":164,"column":47},"end":{"line":164,"column":49},"skip":true}]},"18":{"line":258,"type":"if","locations":[{"start":{"line":258,"column":8},"end":{"line":258,"column":8},"skip":true},{"start":{"line":258,"column":8},"end":{"line":258,"column":8},"skip":true}]},"19":{"line":275,"type":"switch","locations":[{"start":{"line":276,"column":20},"end":{"line":277,"column":64},"skip":true},{"start":{"line":278,"column":20},"end":{"line":279,"column":40},"skip":true},{"start":{"line":280,"column":20},"end":{"line":281,"column":40},"skip":true},{"start":{"line":282,"column":20},"end":{"line":283,"column":39},"skip":true}]},"20":{"line":288,"type":"if","locations":[{"start":{"line":288,"column":8},"end":{"line":288,"column":8},"skip":true},{"start":{"line":288,"column":8},"end":{"line":288,"column":8},"skip":true}]},"21":{"line":288,"type":"binary-expr","locations":[{"start":{"line":288,"column":12},"end":{"line":288,"column":40},"skip":true},{"start":{"line":288,"column":44},"end":{"line":288,"column":67},"skip":true}]},"22":{"line":292,"type":"binary-expr","locations":[{"start":{"line":292,"column":12},"end":{"line":292,"column":50},"skip":true},{"start":{"line":293,"column":12},"end":{"line":293,"column":53},"skip":true}]},"23":{"line":297,"type":"binary-expr","locations":[{"start":{"line":297,"column":12},"end":{"line":297,"column":67},"skip":true},{"start":{"line":298,"column":12},"end":{"line":301,"column":36},"skip":true}]},"24":{"line":303,"type":"binary-expr","locations":[{"start":{"line":303,"column":43},"end":{"line":303,"column":75},"skip":true},{"start":{"line":303,"column":79},"end":{"line":303,"column":81},"skip":true}]},"25":{"line":306,"type":"if","locations":[{"start":{"line":306,"column":8},"end":{"line":306,"column":8},"skip":true},{"start":{"line":306,"column":8},"end":{"line":306,"column":8},"skip":true}]},"26":{"line":310,"type":"if","locations":[{"start":{"line":310,"column":8},"end":{"line":310,"column":8},"skip":true},{"start":{"line":310,"column":8},"end":{"line":310,"column":8},"skip":true}]},"27":{"line":313,"type":"binary-expr","locations":[{"start":{"line":313,"column":27},"end":{"line":313,"column":43},"skip":true},{"start":{"line":313,"column":47},"end":{"line":313,"column":53},"skip":true}]},"28":{"line":317,"type":"if","locations":[{"start":{"line":317,"column":12},"end":{"line":317,"column":12},"skip":true},{"start":{"line":317,"column":12},"end":{"line":317,"column":12},"skip":true}]}},"code":["/*","example.js","","quickstart example","","instruction","    1. save this script as example.js","    2. run the shell command:","        $ npm install npmtest-gl-shader && PORT=8081 node example.js","    3. play with the browser-demo on http://127.0.0.1:8081","*/","","","","/* istanbul instrument in package npmtest_gl_shader */","/*jslint","    bitwise: true,","    browser: true,","    maxerr: 8,","    maxlen: 96,","    node: true,","    nomen: true,","    regexp: true,","    stupid: true","*/","(function () {","    'use strict';","    var local;","","","","    // run shared js-env code - pre-init","    (function () {","        // init local","        local = {};","        // init modeJs","        local.modeJs = (function () {","            try {","                return typeof navigator.userAgent === 'string' &&","                    typeof document.querySelector('body') === 'object' &&","                    typeof XMLHttpRequest.prototype.open === 'function' &&","                    'browser';","            } catch (errorCaughtBrowser) {","                return module.exports &&","                    typeof process.versions.node === 'string' &&","                    typeof require('http').createServer === 'function' &&","                    'node';","            }","        }());","        // init global","        local.global = local.modeJs === 'browser'","            ? window","            : global;","        // init utility2_rollup","        local = local.global.utility2_rollup || (local.modeJs === 'browser'","            ? local.global.utility2_npmtest_gl_shader","            : global.utility2_moduleExports);","        // export local","        local.global.local = local;","    }());","    switch (local.modeJs) {","","","","    // post-init","    // run browser js-env code - post-init","    /* istanbul ignore next */","    case 'browser':","        local.testRunBrowser = function (event) {","            if (!event || (event &&","                    event.currentTarget &&","                    event.currentTarget.className &&","                    event.currentTarget.className.includes &&","                    event.currentTarget.className.includes('onreset'))) {","                // reset output","                Array.from(","                    document.querySelectorAll('body > .resettable')","                ).forEach(function (element) {","                    switch (element.tagName) {","                    case 'INPUT':","                    case 'TEXTAREA':","                        element.value = '';","                        break;","                    default:","                        element.textContent = '';","                    }","                });","            }","            switch (event && event.currentTarget && event.currentTarget.id) {","            case 'testRunButton1':","                // show tests","                if (document.querySelector('#testReportDiv1').style.display === 'none') {","                    document.querySelector('#testReportDiv1').style.display = 'block';","                    document.querySelector('#testRunButton1').textContent =","                        'hide internal test';","                    local.modeTest = true;","                    local.testRunDefault(local);","                // hide tests","                } else {","                    document.querySelector('#testReportDiv1').style.display = 'none';","                    document.querySelector('#testRunButton1').textContent = 'run internal test';","                }","                break;","            // custom-case","            default:","                break;","            }","            if (document.querySelector('#inputTextareaEval1') && (!event || (event &&","                    event.currentTarget &&","                    event.currentTarget.className &&","                    event.currentTarget.className.includes &&","                    event.currentTarget.className.includes('oneval')))) {","                // try to eval input-code","                try {","                    /*jslint evil: true*/","                    eval(document.querySelector('#inputTextareaEval1').value);","                } catch (errorCaught) {","                    console.error(errorCaught);","                }","            }","        };","        // log stderr and stdout to #outputTextareaStdout1","        ['error', 'log'].forEach(function (key) {","            console[key + '_original'] = console[key];","            console[key] = function () {","                var element;","                console[key + '_original'].apply(console, arguments);","                element = document.querySelector('#outputTextareaStdout1');","                if (!element) {","                    return;","                }","                // append text to #outputTextareaStdout1","                element.value += Array.from(arguments).map(function (arg) {","                    return typeof arg === 'string'","                        ? arg","                        : JSON.stringify(arg, null, 4);","                }).join(' ') + '\\n';","                // scroll textarea to bottom","                element.scrollTop = element.scrollHeight;","            };","        });","        // init event-handling","        ['change', 'click', 'keyup'].forEach(function (event) {","            Array.from(document.querySelectorAll('.on' + event)).forEach(function (element) {","                element.addEventListener(event, local.testRunBrowser);","            });","        });","        // run tests","        local.testRunBrowser();","        break;","","","","    // run node js-env code - post-init","    /* istanbul ignore next */","    case 'node':","        // export local","        module.exports = local;","        // require modules","        local.fs = require('fs');","        local.http = require('http');","        local.url = require('url');","        // init assets","        local.assetsDict = local.assetsDict || {};","        /* jslint-ignore-begin */","        local.assetsDict['/assets.index.template.html'] = '\\","<!doctype html>\\n\\","<html lang=\"en\">\\n\\","<head>\\n\\","<meta charset=\"UTF-8\">\\n\\","<meta name=\"viewport\" content=\"width=device-width, initial-scale=1\">\\n\\","<title>{{env.npm_package_name}} (v{{env.npm_package_version}})</title>\\n\\","<style>\\n\\","/*csslint\\n\\","    box-sizing: false,\\n\\","    universal-selector: false\\n\\","*/\\n\\","* {\\n\\","    box-sizing: border-box;\\n\\","}\\n\\","body {\\n\\","    background: #dde;\\n\\","    font-family: Arial, Helvetica, sans-serif;\\n\\","    margin: 2rem;\\n\\","}\\n\\","body > * {\\n\\","    margin-bottom: 1rem;\\n\\","}\\n\\",".utility2FooterDiv {\\n\\","    margin-top: 20px;\\n\\","    text-align: center;\\n\\","}\\n\\","</style>\\n\\","<style>\\n\\","/*csslint\\n\\","*/\\n\\","textarea {\\n\\","    font-family: monospace;\\n\\","    height: 10rem;\\n\\","    width: 100%;\\n\\","}\\n\\","textarea[readonly] {\\n\\","    background: #ddd;\\n\\","}\\n\\","</style>\\n\\","</head>\\n\\","<body>\\n\\","<!-- utility2-comment\\n\\","<div id=\"ajaxProgressDiv1\" style=\"background: #d00; height: 2px; left: 0; margin: 0; padding: 0; position: fixed; top: 0; transition: background 0.5s, width 1.5s; width: 25%;\"></div>\\n\\","utility2-comment -->\\n\\","<h1>\\n\\","<!-- utility2-comment\\n\\","    <a\\n\\","        {{#if env.npm_package_homepage}}\\n\\","        href=\"{{env.npm_package_homepage}}\"\\n\\","        {{/if env.npm_package_homepage}}\\n\\","        target=\"_blank\"\\n\\","    >\\n\\","utility2-comment -->\\n\\","        {{env.npm_package_name}} (v{{env.npm_package_version}})\\n\\","<!-- utility2-comment\\n\\","    </a>\\n\\","utility2-comment -->\\n\\","</h1>\\n\\","<h3>{{env.npm_package_description}}</h3>\\n\\","<!-- utility2-comment\\n\\","<h4><a download href=\"assets.app.js\">download standalone app</a></h4>\\n\\","<button class=\"onclick onreset\" id=\"testRunButton1\">run internal test</button><br>\\n\\","<div id=\"testReportDiv1\" style=\"display: none;\"></div>\\n\\","utility2-comment -->\\n\\","\\n\\","\\n\\","\\n\\","<label>stderr and stdout</label>\\n\\","<textarea class=\"resettable\" id=\"outputTextareaStdout1\" readonly></textarea>\\n\\","<!-- utility2-comment\\n\\","{{#if isRollup}}\\n\\","<script src=\"assets.app.js\"></script>\\n\\","{{#unless isRollup}}\\n\\","utility2-comment -->\\n\\","<script src=\"assets.utility2.rollup.js\"></script>\\n\\","<script src=\"jsonp.utility2._stateInit?callback=window.utility2._stateInit\"></script>\\n\\","<script src=\"assets.npmtest_gl_shader.rollup.js\"></script>\\n\\","<script src=\"assets.example.js\"></script>\\n\\","<script src=\"assets.test.js\"></script>\\n\\","<!-- utility2-comment\\n\\","{{/if isRollup}}\\n\\","utility2-comment -->\\n\\","<div class=\"utility2FooterDiv\">\\n\\","    [ this app was created with\\n\\","    <a href=\"https://github.com/kaizhu256/node-utility2\" target=\"_blank\">utility2</a>\\n\\","    ]\\n\\","</div>\\n\\","</body>\\n\\","</html>\\n\\","';","        /* jslint-ignore-end */","        if (local.templateRender) {","            local.assetsDict['/'] = local.templateRender(","                local.assetsDict['/assets.index.template.html'],","                {","                    env: local.objectSetDefault(local.env, {","                        npm_package_description: 'the greatest app in the world!',","                        npm_package_name: 'my-app',","                        npm_package_nameAlias: 'my_app',","                        npm_package_version: '0.0.1'","                    })","                }","            );","        } else {","            local.assetsDict['/'] = local.assetsDict['/assets.index.template.html']","                .replace((/\\{\\{env\\.(\\w+?)\\}\\}/g), function (match0, match1) {","                    // jslint-hack","                    String(match0);","                    switch (match1) {","                    case 'npm_package_description':","                        return 'the greatest app in the world!';","                    case 'npm_package_name':","                        return 'my-app';","                    case 'npm_package_nameAlias':","                        return 'my_app';","                    case 'npm_package_version':","                        return '0.0.1';","                    }","                });","        }","        // run the cli","        if (local.global.utility2_rollup || module !== require.main) {","            break;","        }","        local.assetsDict['/assets.example.js'] =","            local.assetsDict['/assets.example.js'] ||","            local.fs.readFileSync(__filename, 'utf8');","        // bug-workaround - long $npm_package_buildCustomOrg","        /* jslint-ignore-begin */","        local.assetsDict['/assets.npmtest_gl_shader.rollup.js'] =","            local.assetsDict['/assets.npmtest_gl_shader.rollup.js'] ||","            local.fs.readFileSync(","                local.npmtest_gl_shader.__dirname + '/lib.npmtest_gl_shader.js',","                'utf8'","            ).replace((/^#!/), '//');","        /* jslint-ignore-end */","        local.assetsDict['/favicon.ico'] = local.assetsDict['/favicon.ico'] || '';","        // if $npm_config_timeout_exit exists,","        // then exit this process after $npm_config_timeout_exit ms","        if (Number(process.env.npm_config_timeout_exit)) {","            setTimeout(process.exit, Number(process.env.npm_config_timeout_exit));","        }","        // start server","        if (local.global.utility2_serverHttp1) {","            break;","        }","        process.env.PORT = process.env.PORT || '8081';","        console.error('server starting on port ' + process.env.PORT);","        local.http.createServer(function (request, response) {","            request.urlParsed = local.url.parse(request.url);","            if (local.assetsDict[request.urlParsed.pathname] !== undefined) {","                response.end(local.assetsDict[request.urlParsed.pathname]);","                return;","            }","            response.statusCode = 404;","            response.end();","        }).listen(process.env.PORT);","        break;","    }","}());",""],"l":{"26":2,"28":2,"33":2,"35":2,"37":2,"38":2,"39":2,"44":1,"51":2,"55":2,"59":2,"61":2,"69":1,"70":2,"76":2,"79":2,"82":2,"83":2,"85":1,"89":2,"92":1,"93":1,"94":1,"96":1,"97":1,"100":1,"101":1,"103":1,"106":1,"108":2,"114":1,"116":1,"118":1,"123":1,"124":2,"125":2,"126":3,"127":3,"128":3,"129":3,"130":1,"133":3,"134":3,"139":3,"143":1,"144":3,"145":1,"149":1,"150":1,"158":1,"160":1,"161":1,"162":1,"164":1,"166":1,"258":1,"259":1,"271":1,"274":6,"275":6,"277":1,"279":2,"281":1,"283":2,"288":1,"289":1,"291":1,"296":1,"303":1,"306":1,"307":1,"310":1,"311":1,"313":1,"314":1,"315":1,"316":1,"317":1,"318":1,"319":1,"321":1,"322":1,"324":1}},"/home/travis/build/npmtest/node-npmtest-gl-shader/node_modules/gl-shader/index.js":{"path":"/home/travis/build/npmtest/node-npmtest-gl-shader/node_modules/gl-shader/index.js","s":{"1":1,"2":1,"3":1,"4":1,"5":1,"6":1,"7":1,"8":0,"9":0,"10":0,"11":1,"12":1,"13":0,"14":0,"15":0,"16":0,"17":0,"18":0,"19":0,"20":0,"21":0,"22":0,"23":0,"24":0,"25":0,"26":1,"27":0,"28":0,"29":0,"30":0,"31":0,"32":0,"33":0,"34":0,"35":0,"36":1,"37":0,"38":0,"39":0,"40":1,"41":0,"42":0,"43":0,"44":0,"45":0,"46":0,"47":0,"48":0,"49":0,"50":0,"51":0,"52":0,"53":0,"54":0,"55":0,"56":0,"57":0,"58":0,"59":0,"60":0,"61":0,"62":0,"63":0,"64":0,"65":0,"66":0,"67":0,"68":0,"69":0,"70":0,"71":0,"72":0,"73":0,"74":0,"75":0,"76":0,"77":0,"78":0,"79":0,"80":0,"81":0,"82":0,"83":0,"84":0,"85":0,"86":0,"87":0,"88":0,"89":0,"90":0,"91":0,"92":0,"93":0,"94":0,"95":0,"96":0,"97":0,"98":0,"99":0,"100":0,"101":0,"102":1,"103":0,"104":0,"105":0,"106":0,"107":0,"108":0,"109":0,"110":0,"111":1,"112":0,"113":0,"114":0,"115":1},"b":{"1":[0,0],"2":[0,0],"3":[0,0],"4":[0,0],"5":[0,0],"6":[0,0],"7":[0,0],"8":[0,0],"9":[0,0],"10":[0,0],"11":[0,0],"12":[0,0],"13":[0,0],"14":[0,0],"15":[0,0],"16":[0,0],"17":[0,0],"18":[0,0],"19":[0,0,0],"20":[0,0],"21":[0,0]},"f":{"1":0,"2":0,"3":0,"4":0,"5":0,"6":0,"7":0},"fnMap":{"1":{"name":"Shader","line":11,"loc":{"start":{"line":11,"column":0},"end":{"line":11,"column":20}}},"2":{"name":"(anonymous_2)","line":29,"loc":{"start":{"line":29,"column":13},"end":{"line":29,"column":24}}},"3":{"name":"(anonymous_3)","line":54,"loc":{"start":{"line":54,"column":16},"end":{"line":54,"column":27}}},"4":{"name":"compareAttributes","line":81,"loc":{"start":{"line":81,"column":0},"end":{"line":81,"column":33}}},"5":{"name":"(anonymous_5)","line":89,"loc":{"start":{"line":89,"column":15},"end":{"line":93,"column":16}}},"6":{"name":"relink","line":203,"loc":{"start":{"line":203,"column":2},"end":{"line":203,"column":20}}},"7":{"name":"createShader","line":246,"loc":{"start":{"line":246,"column":0},"end":{"line":251,"column":16}}}},"statementMap":{"1":{"start":{"line":3,"column":0},"end":{"line":3,"column":61}},"2":{"start":{"line":4,"column":0},"end":{"line":4,"column":63}},"3":{"start":{"line":5,"column":0},"end":{"line":5,"column":53}},"4":{"start":{"line":6,"column":0},"end":{"line":6,"column":58}},"5":{"start":{"line":7,"column":0},"end":{"line":7,"column":61}},"6":{"start":{"line":8,"column":0},"end":{"line":8,"column":53}},"7":{"start":{"line":11,"column":0},"end":{"line":25,"column":1}},"8":{"start":{"line":12,"column":2},"end":{"line":12,"column":22}},"9":{"start":{"line":13,"column":2},"end":{"line":13,"column":29}},"10":{"start":{"line":16,"column":2},"end":{"line":24,"column":24}},"11":{"start":{"line":27,"column":0},"end":{"line":27,"column":28}},"12":{"start":{"line":29,"column":0},"end":{"line":52,"column":1}},"13":{"start":{"line":30,"column":2},"end":{"line":32,"column":3}},"14":{"start":{"line":31,"column":4},"end":{"line":31,"column":18}},"15":{"start":{"line":35,"column":2},"end":{"line":35,"column":7}},"16":{"start":{"line":36,"column":2},"end":{"line":36,"column":91}},"17":{"start":{"line":38,"column":2},"end":{"line":38,"column":46}},"18":{"start":{"line":39,"column":2},"end":{"line":47,"column":3}},"19":{"start":{"line":40,"column":4},"end":{"line":42,"column":5}},"20":{"start":{"line":41,"column":6},"end":{"line":41,"column":40}},"21":{"start":{"line":43,"column":9},"end":{"line":47,"column":3}},"22":{"start":{"line":44,"column":4},"end":{"line":46,"column":5}},"23":{"start":{"line":45,"column":6},"end":{"line":45,"column":41}},"24":{"start":{"line":49,"column":2},"end":{"line":49,"column":42}},"25":{"start":{"line":51,"column":2},"end":{"line":51,"column":34}},"26":{"start":{"line":54,"column":0},"end":{"line":79,"column":1}},"27":{"start":{"line":59,"column":2},"end":{"line":59,"column":46}},"28":{"start":{"line":60,"column":2},"end":{"line":62,"column":3}},"29":{"start":{"line":61,"column":4},"end":{"line":61,"column":39}},"30":{"start":{"line":63,"column":2},"end":{"line":63,"column":29}},"31":{"start":{"line":65,"column":2},"end":{"line":67,"column":3}},"32":{"start":{"line":66,"column":4},"end":{"line":66,"column":24}},"33":{"start":{"line":68,"column":2},"end":{"line":70,"column":3}},"34":{"start":{"line":69,"column":4},"end":{"line":69,"column":24}},"35":{"start":{"line":71,"column":2},"end":{"line":78,"column":24}},"36":{"start":{"line":81,"column":0},"end":{"line":86,"column":1}},"37":{"start":{"line":82,"column":2},"end":{"line":84,"column":3}},"38":{"start":{"line":83,"column":4},"end":{"line":83,"column":13}},"39":{"start":{"line":85,"column":2},"end":{"line":85,"column":10}},"40":{"start":{"line":89,"column":0},"end":{"line":243,"column":1}},"41":{"start":{"line":96,"column":2},"end":{"line":102,"column":3}},"42":{"start":{"line":97,"column":4},"end":{"line":97,"column":24}},"43":{"start":{"line":98,"column":4},"end":{"line":98,"column":27}},"44":{"start":{"line":99,"column":4},"end":{"line":99,"column":29}},"45":{"start":{"line":100,"column":4},"end":{"line":100,"column":29}},"46":{"start":{"line":101,"column":4},"end":{"line":101,"column":31}},"47":{"start":{"line":104,"column":2},"end":{"line":104,"column":20}},"48":{"start":{"line":105,"column":2},"end":{"line":105,"column":26}},"49":{"start":{"line":108,"column":2},"end":{"line":108,"column":27}},"50":{"start":{"line":109,"column":2},"end":{"line":109,"column":70}},"51":{"start":{"line":110,"column":2},"end":{"line":112,"column":3}},"52":{"start":{"line":111,"column":4},"end":{"line":111,"column":19}},"53":{"start":{"line":113,"column":2},"end":{"line":113,"column":43}},"54":{"start":{"line":114,"column":2},"end":{"line":114,"column":24}},"55":{"start":{"line":115,"column":2},"end":{"line":115,"column":72}},"56":{"start":{"line":116,"column":2},"end":{"line":118,"column":3}},"57":{"start":{"line":117,"column":4},"end":{"line":117,"column":19}},"58":{"start":{"line":119,"column":2},"end":{"line":119,"column":43}},"59":{"start":{"line":122,"column":2},"end":{"line":140,"column":3}},"60":{"start":{"line":125,"column":4},"end":{"line":125,"column":40}},"61":{"start":{"line":126,"column":4},"end":{"line":126,"column":52}},"62":{"start":{"line":127,"column":4},"end":{"line":127,"column":52}},"63":{"start":{"line":128,"column":4},"end":{"line":128,"column":31}},"64":{"start":{"line":129,"column":4},"end":{"line":132,"column":5}},"65":{"start":{"line":130,"column":6},"end":{"line":130,"column":52}},"66":{"start":{"line":131,"column":6},"end":{"line":131,"column":66}},"67":{"start":{"line":135,"column":4},"end":{"line":135,"column":64}},"68":{"start":{"line":136,"column":4},"end":{"line":136,"column":66}},"69":{"start":{"line":139,"column":4},"end":{"line":139,"column":33}},"70":{"start":{"line":144,"column":2},"end":{"line":144,"column":33}},"71":{"start":{"line":145,"column":2},"end":{"line":145,"column":36}},"72":{"start":{"line":148,"column":2},"end":{"line":148,"column":29}},"73":{"start":{"line":149,"column":2},"end":{"line":149,"column":29}},"74":{"start":{"line":150,"column":2},"end":{"line":150,"column":29}},"75":{"start":{"line":151,"column":2},"end":{"line":151,"column":7}},"76":{"start":{"line":152,"column":2},"end":{"line":188,"column":3}},"77":{"start":{"line":153,"column":4},"end":{"line":153,"column":28}},"78":{"start":{"line":154,"column":4},"end":{"line":187,"column":5}},"79":{"start":{"line":155,"column":6},"end":{"line":155,"column":55}},"80":{"start":{"line":156,"column":6},"end":{"line":156,"column":37}},"81":{"start":{"line":157,"column":6},"end":{"line":169,"column":7}},"82":{"start":{"line":158,"column":8},"end":{"line":158,"column":48}},"83":{"start":{"line":159,"column":8},"end":{"line":159,"column":54}},"84":{"start":{"line":160,"column":8},"end":{"line":168,"column":9}},"85":{"start":{"line":161,"column":10},"end":{"line":161,"column":52}},"86":{"start":{"line":162,"column":15},"end":{"line":168,"column":9}},"87":{"start":{"line":165,"column":10},"end":{"line":165,"column":53}},"88":{"start":{"line":167,"column":10},"end":{"line":167,"column":37}},"89":{"start":{"line":170,"column":6},"end":{"line":174,"column":8}},"90":{"start":{"line":176,"column":6},"end":{"line":180,"column":8}},"91":{"start":{"line":181,"column":6},"end":{"line":181,"column":36}},"92":{"start":{"line":182,"column":6},"end":{"line":186,"column":7}},"93":{"start":{"line":183,"column":8},"end":{"line":183,"column":48}},"94":{"start":{"line":185,"column":8},"end":{"line":185,"column":35}},"95":{"start":{"line":191,"column":2},"end":{"line":191,"column":21}},"96":{"start":{"line":192,"column":2},"end":{"line":199,"column":3}},"97":{"start":{"line":193,"column":4},"end":{"line":198,"column":5}},"98":{"start":{"line":194,"column":6},"end":{"line":196,"column":7}},"99":{"start":{"line":195,"column":8},"end":{"line":195,"column":24}},"100":{"start":{"line":197,"column":6},"end":{"line":197,"column":41}},"101":{"start":{"line":202,"column":2},"end":{"line":202,"column":51}},"102":{"start":{"line":203,"column":2},"end":{"line":216,"column":3}},"103":{"start":{"line":204,"column":4},"end":{"line":209,"column":27}},"104":{"start":{"line":211,"column":4},"end":{"line":215,"column":5}},"105":{"start":{"line":212,"column":6},"end":{"line":214,"column":27}},"106":{"start":{"line":219,"column":2},"end":{"line":219,"column":10}},"107":{"start":{"line":222,"column":2},"end":{"line":222,"column":26}},"108":{"start":{"line":225,"column":2},"end":{"line":228,"column":3}},"109":{"start":{"line":231,"column":2},"end":{"line":235,"column":25}},"110":{"start":{"line":238,"column":2},"end":{"line":242,"column":24}},"111":{"start":{"line":246,"column":0},"end":{"line":262,"column":1}},"112":{"start":{"line":253,"column":2},"end":{"line":253,"column":29}},"113":{"start":{"line":255,"column":2},"end":{"line":259,"column":17}},"114":{"start":{"line":261,"column":2},"end":{"line":261,"column":15}},"115":{"start":{"line":264,"column":0},"end":{"line":264,"column":29}}},"branchMap":{"1":{"line":30,"type":"if","locations":[{"start":{"line":30,"column":2},"end":{"line":30,"column":2}},{"start":{"line":30,"column":2},"end":{"line":30,"column":2}}]},"2":{"line":39,"type":"if","locations":[{"start":{"line":39,"column":2},"end":{"line":39,"column":2}},{"start":{"line":39,"column":2},"end":{"line":39,"column":2}}]},"3":{"line":43,"type":"if","locations":[{"start":{"line":43,"column":9},"end":{"line":43,"column":9}},{"start":{"line":43,"column":9},"end":{"line":43,"column":9}}]},"4":{"line":65,"type":"if","locations":[{"start":{"line":65,"column":2},"end":{"line":65,"column":2}},{"start":{"line":65,"column":2},"end":{"line":65,"column":2}}]},"5":{"line":68,"type":"if","locations":[{"start":{"line":68,"column":2},"end":{"line":68,"column":2}},{"start":{"line":68,"column":2},"end":{"line":68,"column":2}}]},"6":{"line":82,"type":"if","locations":[{"start":{"line":82,"column":2},"end":{"line":82,"column":2}},{"start":{"line":82,"column":2},"end":{"line":82,"column":2}}]},"7":{"line":96,"type":"if","locations":[{"start":{"line":96,"column":2},"end":{"line":96,"column":2}},{"start":{"line":96,"column":2},"end":{"line":96,"column":2}}]},"8":{"line":96,"type":"binary-expr","locations":[{"start":{"line":96,"column":5},"end":{"line":96,"column":16}},{"start":{"line":96,"column":20},"end":{"line":96,"column":42}}]},"9":{"line":110,"type":"if","locations":[{"start":{"line":110,"column":2},"end":{"line":110,"column":2}},{"start":{"line":110,"column":2},"end":{"line":110,"column":2}}]},"10":{"line":116,"type":"if","locations":[{"start":{"line":116,"column":2},"end":{"line":116,"column":2}},{"start":{"line":116,"column":2},"end":{"line":116,"column":2}}]},"11":{"line":122,"type":"if","locations":[{"start":{"line":122,"column":2},"end":{"line":122,"column":2}},{"start":{"line":122,"column":2},"end":{"line":122,"column":2}}]},"12":{"line":122,"type":"binary-expr","locations":[{"start":{"line":122,"column":5},"end":{"line":122,"column":14}},{"start":{"line":122,"column":18},"end":{"line":122,"column":29}}]},"13":{"line":129,"type":"if","locations":[{"start":{"line":129,"column":4},"end":{"line":129,"column":4}},{"start":{"line":129,"column":4},"end":{"line":129,"column":4}}]},"14":{"line":135,"type":"binary-expr","locations":[{"start":{"line":135,"column":17},"end":{"line":135,"column":25}},{"start":{"line":135,"column":31},"end":{"line":135,"column":64}}]},"15":{"line":136,"type":"binary-expr","locations":[{"start":{"line":136,"column":17},"end":{"line":136,"column":27}},{"start":{"line":136,"column":31},"end":{"line":136,"column":66}}]},"16":{"line":154,"type":"if","locations":[{"start":{"line":154,"column":4},"end":{"line":154,"column":4}},{"start":{"line":154,"column":4},"end":{"line":154,"column":4}}]},"17":{"line":160,"type":"if","locations":[{"start":{"line":160,"column":8},"end":{"line":160,"column":8}},{"start":{"line":160,"column":8},"end":{"line":160,"column":8}}]},"18":{"line":162,"type":"if","locations":[{"start":{"line":162,"column":15},"end":{"line":162,"column":15}},{"start":{"line":162,"column":15},"end":{"line":162,"column":15}}]},"19":{"line":162,"type":"binary-expr","locations":[{"start":{"line":162,"column":18},"end":{"line":162,"column":46}},{"start":{"line":163,"column":18},"end":{"line":163,"column":47}},{"start":{"line":164,"column":18},"end":{"line":164,"column":54}}]},"20":{"line":182,"type":"if","locations":[{"start":{"line":182,"column":6},"end":{"line":182,"column":6}},{"start":{"line":182,"column":6},"end":{"line":182,"column":6}}]},"21":{"line":193,"type":"if","locations":[{"start":{"line":193,"column":4},"end":{"line":193,"column":4}},{"start":{"line":193,"column":4},"end":{"line":193,"column":4}}]}},"code":["'use strict'","","var createUniformWrapper   = require('./lib/create-uniforms')","var createAttributeWrapper = require('./lib/create-attributes')","var makeReflect            = require('./lib/reflect')","var shaderCache            = require('./lib/shader-cache')","var runtime                = require('./lib/runtime-reflect')","var GLError                = require(\"./lib/GLError\")","","//Shader object","function Shader(gl) {","  this.gl         = gl","  this.gl.lastAttribCount = 0  // fixme where else should we store info, safe but not nice on the gl object","","  //Default initialize these to null","  this._vref      =","  this._fref      =","  this._relink    =","  this.vertShader =","  this.fragShader =","  this.program    =","  this.attributes =","  this.uniforms   =","  this.types      = null","}","","var proto = Shader.prototype","","proto.bind = function() {","  if(!this.program) {","    this._relink()","  }","","  // ensuring that we have the right number of enabled vertex attributes","  var i","  var newAttribCount = this.gl.getProgramParameter(this.program, this.gl.ACTIVE_ATTRIBUTES) // more robust approach","  //var newAttribCount = Object.keys(this.attributes).length // avoids the probably immaterial introspection slowdown","  var oldAttribCount = this.gl.lastAttribCount","  if(newAttribCount > oldAttribCount) {","    for(i = oldAttribCount; i < newAttribCount; i++) {","      this.gl.enableVertexAttribArray(i)","    }","  } else if(oldAttribCount > newAttribCount) {","    for(i = newAttribCount; i < oldAttribCount; i++) {","      this.gl.disableVertexAttribArray(i)","    }","  }","","  this.gl.lastAttribCount = newAttribCount","","  this.gl.useProgram(this.program)","}","","proto.dispose = function() {","","  // disabling vertex attributes so new shader starts with zero","  // and it's also useful if all shaders are disposed but the","  // gl context is reused for subsequent replotting","  var oldAttribCount = this.gl.lastAttribCount","  for (var i = 0; i < oldAttribCount; i++) {","    this.gl.disableVertexAttribArray(i)","  }","  this.gl.lastAttribCount = 0","","  if(this._fref) {","    this._fref.dispose()","  }","  if(this._vref) {","    this._vref.dispose()","  }","  this.attributes =","  this.types      =","  this.vertShader =","  this.fragShader =","  this.program    =","  this._relink    =","  this._fref      =","  this._vref      = null","}","","function compareAttributes(a, b) {","  if(a.name < b.name) {","    return -1","  }","  return 1","}","","//Update export hook for glslify-live","proto.update = function(","    vertSource","  , fragSource","  , uniforms","  , attributes) {","","  //If only one object passed, assume glslify style output","  if(!fragSource || arguments.length === 1) {","    var obj = vertSource","    vertSource = obj.vertex","    fragSource = obj.fragment","    uniforms   = obj.uniforms","    attributes = obj.attributes","  }","","  var wrapper = this","  var gl      = wrapper.gl","","  //Compile vertex and fragment shaders","  var pvref = wrapper._vref","  wrapper._vref = shaderCache.shader(gl, gl.VERTEX_SHADER, vertSource)","  if(pvref) {","    pvref.dispose()","  }","  wrapper.vertShader = wrapper._vref.shader","  var pfref = this._fref","  wrapper._fref = shaderCache.shader(gl, gl.FRAGMENT_SHADER, fragSource)","  if(pfref) {","    pfref.dispose()","  }","  wrapper.fragShader = wrapper._fref.shader","","  //If uniforms/attributes is not specified, use RT reflection","  if(!uniforms || !attributes) {","","    //Create initial test program","    var testProgram = gl.createProgram()","    gl.attachShader(testProgram, wrapper.fragShader)","    gl.attachShader(testProgram, wrapper.vertShader)","    gl.linkProgram(testProgram)","    if(!gl.getProgramParameter(testProgram, gl.LINK_STATUS)) {","      var errLog = gl.getProgramInfoLog(testProgram)","      throw new GLError(errLog, 'Error linking program:' + errLog)","    }","","    //Load data from runtime","    uniforms   = uniforms   || runtime.uniforms(gl, testProgram)","    attributes = attributes || runtime.attributes(gl, testProgram)","","    //Release test program","    gl.deleteProgram(testProgram)","  }","","  //Sort attributes lexicographically","  // overrides undefined WebGL behavior for attribute locations","  attributes = attributes.slice()","  attributes.sort(compareAttributes)","","  //Convert attribute types, read out locations","  var attributeUnpacked  = []","  var attributeNames     = []","  var attributeLocations = []","  var i","  for(i=0; i<attributes.length; ++i) {","    var attr = attributes[i]","    if(attr.type.indexOf('mat') >= 0) {","      var size = attr.type.charAt(attr.type.length-1)|0","      var locVector = new Array(size)","      for(var j=0; j<size; ++j) {","        locVector[j] = attributeLocations.length","        attributeNames.push(attr.name + '[' + j + ']')","        if(typeof attr.location === 'number') {","          attributeLocations.push(attr.location + j)","        } else if(Array.isArray(attr.location) &&","                  attr.location.length === size &&","                  typeof attr.location[j] === 'number') {","          attributeLocations.push(attr.location[j]|0)","        } else {","          attributeLocations.push(-1)","        }","      }","      attributeUnpacked.push({","        name: attr.name,","        type: attr.type,","        locations: locVector","      })","    } else {","      attributeUnpacked.push({","        name: attr.name,","        type: attr.type,","        locations: [ attributeLocations.length ]","      })","      attributeNames.push(attr.name)","      if(typeof attr.location === 'number') {","        attributeLocations.push(attr.location|0)","      } else {","        attributeLocations.push(-1)","      }","    }","  }","","  //For all unspecified attributes, assign them lexicographically min attribute","  var curLocation = 0","  for(i=0; i<attributeLocations.length; ++i) {","    if(attributeLocations[i] < 0) {","      while(attributeLocations.indexOf(curLocation) >= 0) {","        curLocation += 1","      }","      attributeLocations[i] = curLocation","    }","  }","","  //Rebuild program and recompute all uniform locations","  var uniformLocations = new Array(uniforms.length)","  function relink() {","    wrapper.program = shaderCache.program(","        gl","      , wrapper._vref","      , wrapper._fref","      , attributeNames","      , attributeLocations)","","    for(var i=0; i<uniforms.length; ++i) {","      uniformLocations[i] = gl.getUniformLocation(","          wrapper.program","        , uniforms[i].name)","    }","  }","","  //Perform initial linking, reuse program used for reflection","  relink()","","  //Save relinking procedure, defer until runtime","  wrapper._relink = relink","","  //Generate type info","  wrapper.types = {","    uniforms:   makeReflect(uniforms),","    attributes: makeReflect(attributes)","  }","","  //Generate attribute wrappers","  wrapper.attributes = createAttributeWrapper(","      gl","    , wrapper","    , attributeUnpacked","    , attributeLocations)","","  //Generate uniform wrappers","  Object.defineProperty(wrapper, 'uniforms', createUniformWrapper(","      gl","    , wrapper","    , uniforms","    , uniformLocations))","}","","//Compiles and links a shader program with the given attribute and vertex list","function createShader(","    gl","  , vertSource","  , fragSource","  , uniforms","  , attributes) {","","  var shader = new Shader(gl)","","  shader.update(","      vertSource","    , fragSource","    , uniforms","    , attributes)","","  return shader","}","","module.exports = createShader",""],"l":{"3":1,"4":1,"5":1,"6":1,"7":1,"8":1,"11":1,"12":0,"13":0,"16":0,"27":1,"29":1,"30":0,"31":0,"35":0,"36":0,"38":0,"39":0,"40":0,"41":0,"43":0,"44":0,"45":0,"49":0,"51":0,"54":1,"59":0,"60":0,"61":0,"63":0,"65":0,"66":0,"68":0,"69":0,"71":0,"81":1,"82":0,"83":0,"85":0,"89":1,"96":0,"97":0,"98":0,"99":0,"100":0,"101":0,"104":0,"105":0,"108":0,"109":0,"110":0,"111":0,"113":0,"114":0,"115":0,"116":0,"117":0,"119":0,"122":0,"125":0,"126":0,"127":0,"128":0,"129":0,"130":0,"131":0,"135":0,"136":0,"139":0,"144":0,"145":0,"148":0,"149":0,"150":0,"151":0,"152":0,"153":0,"154":0,"155":0,"156":0,"157":0,"158":0,"159":0,"160":0,"161":0,"162":0,"165":0,"167":0,"170":0,"176":0,"181":0,"182":0,"183":0,"185":0,"191":0,"192":0,"193":0,"194":0,"195":0,"197":0,"202":0,"203":1,"204":0,"211":0,"212":0,"219":0,"222":0,"225":0,"231":0,"238":0,"246":1,"253":0,"255":0,"261":0,"264":1}},"/home/travis/build/npmtest/node-npmtest-gl-shader/node_modules/gl-shader/lib/create-uniforms.js":{"path":"/home/travis/build/npmtest/node-npmtest-gl-shader/node_modules/gl-shader/lib/create-uniforms.js","s":{"1":1,"2":1,"3":1,"4":1,"5":0,"6":0,"7":1,"8":0,"9":0,"10":0,"11":0,"12":1,"13":1,"14":0,"15":0,"16":1,"17":0,"18":0,"19":0,"20":0,"21":0,"22":0,"23":0,"24":0,"25":0,"26":0,"27":0,"28":0,"29":0,"30":0,"31":0,"32":0,"33":0,"34":0,"35":0,"36":1,"37":0,"38":0,"39":0,"40":0,"41":0,"42":0,"43":0,"44":0,"45":0,"46":0,"47":0,"48":0,"49":0,"50":1,"51":0,"52":0,"53":0,"54":0,"55":0,"56":0,"57":0,"58":0,"59":0,"60":0,"61":0,"62":1,"63":0,"64":0,"65":0,"66":0,"67":0,"68":0,"69":0,"70":0,"71":0,"72":0,"73":0,"74":0,"75":0,"76":0,"77":0,"78":0,"79":0,"80":0,"81":0,"82":1,"83":0,"84":0,"85":0,"86":0,"87":0,"88":0,"89":1,"90":0,"91":0,"92":0,"93":0,"94":0,"95":0,"96":0,"97":0,"98":0,"99":0,"100":0},"b":{"1":[0,0,0,0,0,0],"2":[0,0],"3":[0,0,0],"4":[0,0],"5":[0,0],"6":[0,0,0,0],"7":[0,0],"8":[0,0],"9":[0,0],"10":[0,0],"11":[0,0],"12":[0,0],"13":[0,0],"14":[0,0],"15":[0,0,0,0,0,0],"16":[0,0],"17":[0,0,0],"18":[0,0],"19":[0,0],"20":[0,0],"21":[0,0],"22":[0,0],"23":[0,0],"24":[0,0],"25":[0,0],"26":[0,0],"27":[0,0]},"f":{"1":0,"2":0,"3":0,"4":0,"5":0,"6":0,"7":0,"8":0,"9":0,"10":0},"fnMap":{"1":{"name":"identity","line":9,"loc":{"start":{"line":9,"column":0},"end":{"line":9,"column":21}}},"2":{"name":"makeVector","line":14,"loc":{"start":{"line":14,"column":0},"end":{"line":14,"column":34}}},"3":{"name":"createUniformWrapper","line":23,"loc":{"start":{"line":23,"column":0},"end":{"line":23,"column":64}}},"4":{"name":"makeGetter","line":25,"loc":{"start":{"line":25,"column":2},"end":{"line":25,"column":29}}},"5":{"name":"makePropSetter","line":34,"loc":{"start":{"line":34,"column":2},"end":{"line":34,"column":45}}},"6":{"name":"enumerateIndices","line":72,"loc":{"start":{"line":72,"column":2},"end":{"line":72,"column":42}}},"7":{"name":"makeSetter","line":94,"loc":{"start":{"line":94,"column":2},"end":{"line":94,"column":28}}},"8":{"name":"defaultValue","line":110,"loc":{"start":{"line":110,"column":2},"end":{"line":110,"column":30}}},"9":{"name":"storeProperty","line":144,"loc":{"start":{"line":144,"column":2},"end":{"line":144,"column":42}}},"10":{"name":"processObject","line":167,"loc":{"start":{"line":167,"column":2},"end":{"line":167,"column":30}}}},"statementMap":{"1":{"start":{"line":3,"column":0},"end":{"line":3,"column":44}},"2":{"start":{"line":4,"column":0},"end":{"line":4,"column":34}},"3":{"start":{"line":6,"column":0},"end":{"line":6,"column":37}},"4":{"start":{"line":9,"column":0},"end":{"line":12,"column":1}},"5":{"start":{"line":10,"column":2},"end":{"line":10,"column":58}},"6":{"start":{"line":11,"column":2},"end":{"line":11,"column":13}},"7":{"start":{"line":14,"column":0},"end":{"line":20,"column":1}},"8":{"start":{"line":15,"column":2},"end":{"line":15,"column":32}},"9":{"start":{"line":16,"column":2},"end":{"line":18,"column":3}},"10":{"start":{"line":17,"column":4},"end":{"line":17,"column":20}},"11":{"start":{"line":19,"column":2},"end":{"line":19,"column":15}},"12":{"start":{"line":23,"column":0},"end":{"line":191,"column":1}},"13":{"start":{"line":25,"column":2},"end":{"line":32,"column":3}},"14":{"start":{"line":26,"column":4},"end":{"line":30,"column":92}},"15":{"start":{"line":31,"column":4},"end":{"line":31,"column":39}},"16":{"start":{"line":34,"column":2},"end":{"line":70,"column":3}},"17":{"start":{"line":35,"column":4},"end":{"line":69,"column":5}},"18":{"start":{"line":40,"column":8},"end":{"line":40,"column":71}},"19":{"start":{"line":42,"column":8},"end":{"line":42,"column":71}},"20":{"start":{"line":44,"column":8},"end":{"line":44,"column":38}},"21":{"start":{"line":45,"column":8},"end":{"line":67,"column":9}},"22":{"start":{"line":46,"column":10},"end":{"line":46,"column":53}},"23":{"start":{"line":47,"column":10},"end":{"line":49,"column":11}},"24":{"start":{"line":48,"column":12},"end":{"line":48,"column":54}},"25":{"start":{"line":50,"column":10},"end":{"line":58,"column":11}},"26":{"start":{"line":53,"column":14},"end":{"line":53,"column":86}},"27":{"start":{"line":55,"column":14},"end":{"line":55,"column":86}},"28":{"start":{"line":57,"column":14},"end":{"line":57,"column":94}},"29":{"start":{"line":59,"column":15},"end":{"line":67,"column":9}},"30":{"start":{"line":60,"column":10},"end":{"line":60,"column":53}},"31":{"start":{"line":61,"column":10},"end":{"line":63,"column":11}},"32":{"start":{"line":62,"column":12},"end":{"line":62,"column":100}},"33":{"start":{"line":64,"column":10},"end":{"line":64,"column":94}},"34":{"start":{"line":66,"column":10},"end":{"line":66,"column":86}},"35":{"start":{"line":68,"column":6},"end":{"line":68,"column":11}},"36":{"start":{"line":72,"column":2},"end":{"line":92,"column":3}},"37":{"start":{"line":73,"column":4},"end":{"line":75,"column":5}},"38":{"start":{"line":74,"column":6},"end":{"line":74,"column":31}},"39":{"start":{"line":76,"column":4},"end":{"line":76,"column":20}},"40":{"start":{"line":77,"column":4},"end":{"line":90,"column":5}},"41":{"start":{"line":78,"column":6},"end":{"line":78,"column":25}},"42":{"start":{"line":79,"column":6},"end":{"line":79,"column":26}},"43":{"start":{"line":80,"column":6},"end":{"line":84,"column":7}},"44":{"start":{"line":81,"column":8},"end":{"line":81,"column":33}},"45":{"start":{"line":83,"column":8},"end":{"line":83,"column":27}},"46":{"start":{"line":85,"column":6},"end":{"line":89,"column":7}},"47":{"start":{"line":86,"column":8},"end":{"line":86,"column":68}},"48":{"start":{"line":88,"column":8},"end":{"line":88,"column":37}},"49":{"start":{"line":91,"column":4},"end":{"line":91,"column":18}},"50":{"start":{"line":94,"column":2},"end":{"line":108,"column":3}},"51":{"start":{"line":95,"column":4},"end":{"line":95,"column":57}},"52":{"start":{"line":96,"column":4},"end":{"line":96,"column":44}},"53":{"start":{"line":97,"column":4},"end":{"line":104,"column":5}},"54":{"start":{"line":98,"column":6},"end":{"line":98,"column":27}},"55":{"start":{"line":99,"column":6},"end":{"line":99,"column":24}},"56":{"start":{"line":100,"column":6},"end":{"line":100,"column":24}},"57":{"start":{"line":101,"column":6},"end":{"line":103,"column":7}},"58":{"start":{"line":102,"column":8},"end":{"line":102,"column":64}},"59":{"start":{"line":105,"column":4},"end":{"line":105,"column":28}},"60":{"start":{"line":106,"column":4},"end":{"line":106,"column":63}},"61":{"start":{"line":107,"column":4},"end":{"line":107,"column":30}},"62":{"start":{"line":110,"column":2},"end":{"line":142,"column":3}},"63":{"start":{"line":111,"column":4},"end":{"line":141,"column":5}},"64":{"start":{"line":113,"column":8},"end":{"line":113,"column":20}},"65":{"start":{"line":117,"column":8},"end":{"line":117,"column":16}},"66":{"start":{"line":119,"column":8},"end":{"line":119,"column":18}},"67":{"start":{"line":121,"column":8},"end":{"line":121,"column":38}},"68":{"start":{"line":122,"column":8},"end":{"line":139,"column":9}},"69":{"start":{"line":123,"column":10},"end":{"line":123,"column":53}},"70":{"start":{"line":124,"column":10},"end":{"line":126,"column":11}},"71":{"start":{"line":125,"column":12},"end":{"line":125,"column":54}},"72":{"start":{"line":127,"column":10},"end":{"line":129,"column":11}},"73":{"start":{"line":128,"column":12},"end":{"line":128,"column":39}},"74":{"start":{"line":130,"column":10},"end":{"line":130,"column":33}},"75":{"start":{"line":131,"column":15},"end":{"line":139,"column":9}},"76":{"start":{"line":132,"column":10},"end":{"line":132,"column":53}},"77":{"start":{"line":133,"column":10},"end":{"line":135,"column":11}},"78":{"start":{"line":134,"column":12},"end":{"line":134,"column":100}},"
[...]
8":0,"159":0,"160":0,"161":0,"162":0,"163":0,"170":0,"174":0,"175":0,"177":0,"179":0,"180":0,"181":0,"182":0,"183":0,"185":0,"186":0,"188":0,"191":0,"194":0,"201":1,"207":0,"208":0,"210":0,"211":0,"212":0,"213":0,"215":0,"219":0,"227":0,"230":0,"231":0,"232":0,"233":0,"235":0,"243":0,"244":0,"245":0,"246":0,"248":0,"257":0,"259":0,"262":0}},"/home/travis/build/npmtest/node-npmtest-gl-shader/node_modules/gl-shader/lib/shader-cache.js":{"path":"/home/travis/build/npmtest/node-npmtest-gl-shader/node_modules/gl-shader/lib/shader-cache.js","s":{"1":1,"2":1,"3":1,"4":1,"5":1,"6":1,"7":1,"8":1,"9":0,"10":0,"11":0,"12":0,"13":0,"14":0,"15":0,"16":1,"17":0,"18":0,"19":0,"20":0,"21":0,"22":0,"23":0,"24":0,"25":0,"26":0,"27":0,"28":1,"29":0,"30":0,"31":0,"32":1,"33":1,"34":0,"35":0,"36":0,"37":0,"38":0,"39":0,"40":0,"41":0,"42":0,"43":0,"44":0,"45":1,"46":0,"47":0,"48":0,"49":0,"50":0,"51":0,"52":0,"53":0,"54":1,"55":0,"56":0,"57":0,"58":0,"59":0,"60":0,"61":0,"62":0,"63":0,"64":0,"65":1,"66":0,"67":0,"68":0,"69":0,"70":0,"71":0,"72":0,"73":1,"74":0,"75":0,"76":0,"77":0,"78":0,"79":1,"80":0,"81":1,"82":0},"b":{"1":[0,1],"2":[0,0],"3":[0,0],"4":[0,0],"5":[0,0],"6":[0,0],"7":[0,0],"8":[0,0],"9":[0,0],"10":[0,0]},"f":{"1":0,"2":0,"3":0,"4":0,"5":0,"6":0,"7":0,"8":0,"9":0,"10":0},"fnMap":{"1":{"name":"ShaderReference","line":14,"loc":{"start":{"line":14,"column":0},"end":{"line":14,"column":72}}},"2":{"name":"(anonymous_2)","line":24,"loc":{"start":{"line":24,"column":36},"end":{"line":24,"column":47}}},"3":{"name":"ContextCache","line":45,"loc":{"start":{"line":45,"column":0},"end":{"line":45,"column":26}}},"4":{"name":"compileShader","line":53,"loc":{"start":{"line":53,"column":0},"end":{"line":53,"column":38}}},"5":{"name":"(anonymous_5)","line":70,"loc":{"start":{"line":70,"column":27},"end":{"line":70,"column":47}}},"6":{"name":"linkProgram","line":90,"loc":{"start":{"line":90,"column":0},"end":{"line":90,"column":63}}},"7":{"name":"(anonymous_7)","line":105,"loc":{"start":{"line":105,"column":19},"end":{"line":105,"column":60}}},"8":{"name":"getCache","line":121,"loc":{"start":{"line":121,"column":0},"end":{"line":121,"column":22}}},"9":{"name":"getShaderReference","line":130,"loc":{"start":{"line":130,"column":0},"end":{"line":130,"column":43}}},"10":{"name":"createProgram","line":134,"loc":{"start":{"line":134,"column":0},"end":{"line":134,"column":59}}}},"statementMap":{"1":{"start":{"line":3,"column":0},"end":{"line":3,"column":37}},"2":{"start":{"line":4,"column":0},"end":{"line":4,"column":32}},"3":{"start":{"line":6,"column":0},"end":{"line":6,"column":34}},"4":{"start":{"line":7,"column":0},"end":{"line":7,"column":62}},"5":{"start":{"line":9,"column":0},"end":{"line":9,"column":80}},"6":{"start":{"line":10,"column":0},"end":{"line":10,"column":25}},"7":{"start":{"line":12,"column":0},"end":{"line":12,"column":22}},"8":{"start":{"line":14,"column":0},"end":{"line":22,"column":1}},"9":{"start":{"line":15,"column":2},"end":{"line":15,"column":20}},"10":{"start":{"line":16,"column":2},"end":{"line":16,"column":21}},"11":{"start":{"line":17,"column":2},"end":{"line":17,"column":22}},"12":{"start":{"line":18,"column":2},"end":{"line":18,"column":24}},"13":{"start":{"line":19,"column":2},"end":{"line":19,"column":23}},"14":{"start":{"line":20,"column":2},"end":{"line":20,"column":20}},"15":{"start":{"line":21,"column":2},"end":{"line":21,"column":23}},"16":{"start":{"line":24,"column":0},"end":{"line":43,"column":1}},"17":{"start":{"line":25,"column":2},"end":{"line":42,"column":3}},"18":{"start":{"line":26,"column":4},"end":{"line":26,"column":29}},"19":{"start":{"line":27,"column":4},"end":{"line":27,"column":27}},"20":{"start":{"line":30,"column":4},"end":{"line":30,"column":32}},"21":{"start":{"line":31,"column":4},"end":{"line":37,"column":5}},"22":{"start":{"line":32,"column":6},"end":{"line":32,"column":41}},"23":{"start":{"line":33,"column":6},"end":{"line":36,"column":7}},"24":{"start":{"line":34,"column":8},"end":{"line":34,"column":32}},"25":{"start":{"line":35,"column":8},"end":{"line":35,"column":27}},"26":{"start":{"line":40,"column":4},"end":{"line":40,"column":32}},"27":{"start":{"line":41,"column":4},"end":{"line":41,"column":72}},"28":{"start":{"line":45,"column":0},"end":{"line":49,"column":1}},"29":{"start":{"line":46,"column":2},"end":{"line":46,"column":20}},"30":{"start":{"line":47,"column":2},"end":{"line":47,"column":26}},"31":{"start":{"line":48,"column":2},"end":{"line":48,"column":20}},"32":{"start":{"line":51,"column":0},"end":{"line":51,"column":34}},"33":{"start":{"line":53,"column":0},"end":{"line":68,"column":1}},"34":{"start":{"line":54,"column":2},"end":{"line":54,"column":36}},"35":{"start":{"line":55,"column":2},"end":{"line":55,"column":30}},"36":{"start":{"line":56,"column":2},"end":{"line":56,"column":26}},"37":{"start":{"line":57,"column":2},"end":{"line":66,"column":3}},"38":{"start":{"line":58,"column":4},"end":{"line":58,"column":44}},"39":{"start":{"line":59,"column":4},"end":{"line":64,"column":5}},"40":{"start":{"line":60,"column":8},"end":{"line":60,"column":57}},"41":{"start":{"line":62,"column":8},"end":{"line":62,"column":62}},"42":{"start":{"line":63,"column":8},"end":{"line":63,"column":71}},"43":{"start":{"line":65,"column":4},"end":{"line":65,"column":50}},"44":{"start":{"line":67,"column":2},"end":{"line":67,"column":15}},"45":{"start":{"line":70,"column":0},"end":{"line":88,"column":1}},"46":{"start":{"line":71,"column":2},"end":{"line":71,"column":23}},"47":{"start":{"line":72,"column":2},"end":{"line":72,"column":61}},"48":{"start":{"line":73,"column":2},"end":{"line":73,"column":28}},"49":{"start":{"line":74,"column":2},"end":{"line":86,"column":3}},"50":{"start":{"line":75,"column":4},"end":{"line":75,"column":48}},"51":{"start":{"line":76,"column":4},"end":{"line":83,"column":11}},"52":{"start":{"line":85,"column":4},"end":{"line":85,"column":21}},"53":{"start":{"line":87,"column":2},"end":{"line":87,"column":15}},"54":{"start":{"line":90,"column":0},"end":{"line":103,"column":1}},"55":{"start":{"line":91,"column":2},"end":{"line":91,"column":34}},"56":{"start":{"line":92,"column":2},"end":{"line":92,"column":35}},"57":{"start":{"line":93,"column":2},"end":{"line":93,"column":35}},"58":{"start":{"line":94,"column":2},"end":{"line":96,"column":3}},"59":{"start":{"line":95,"column":4},"end":{"line":95,"column":60}},"60":{"start":{"line":97,"column":2},"end":{"line":97,"column":25}},"61":{"start":{"line":98,"column":2},"end":{"line":101,"column":3}},"62":{"start":{"line":99,"column":4},"end":{"line":99,"column":46}},"63":{"start":{"line":100,"column":4},"end":{"line":100,"column":65}},"64":{"start":{"line":102,"column":2},"end":{"line":102,"column":16}},"65":{"start":{"line":105,"column":0},"end":{"line":119,"column":1}},"66":{"start":{"line":106,"column":2},"end":{"line":106,"column":82}},"67":{"start":{"line":107,"column":2},"end":{"line":107,"column":34}},"68":{"start":{"line":108,"column":2},"end":{"line":117,"column":3}},"69":{"start":{"line":109,"column":4},"end":{"line":114,"column":16}},"70":{"start":{"line":115,"column":4},"end":{"line":115,"column":29}},"71":{"start":{"line":116,"column":4},"end":{"line":116,"column":29}},"72":{"start":{"line":118,"column":2},"end":{"line":118,"column":13}},"73":{"start":{"line":121,"column":0},"end":{"line":128,"column":1}},"74":{"start":{"line":122,"column":2},"end":{"line":122,"column":30}},"75":{"start":{"line":123,"column":2},"end":{"line":126,"column":3}},"76":{"start":{"line":124,"column":4},"end":{"line":124,"column":35}},"77":{"start":{"line":125,"column":4},"end":{"line":125,"column":27}},"78":{"start":{"line":127,"column":2},"end":{"line":127,"column":17}},"79":{"start":{"line":130,"column":0},"end":{"line":132,"column":1}},"80":{"start":{"line":131,"column":2},"end":{"line":131,"column":51}},"81":{"start":{"line":134,"column":0},"end":{"line":136,"column":1}},"82":{"start":{"line":135,"column":2},"end":{"line":135,"column":64}}},"branchMap":{"1":{"line":9,"type":"cond-expr","locations":[{"start":{"line":9,"column":47},"end":{"line":9,"column":70}},{"start":{"line":9,"column":73},"end":{"line":9,"column":80}}]},"2":{"line":25,"type":"if","locations":[{"start":{"line":25,"column":2},"end":{"line":25,"column":2}},{"start":{"line":25,"column":2},"end":{"line":25,"column":2}}]},"3":{"line":33,"type":"if","locations":[{"start":{"line":33,"column":6},"end":{"line":33,"column":6}},{"start":{"line":33,"column":6},"end":{"line":33,"column":6}}]},"4":{"line":57,"type":"if","locations":[{"start":{"line":57,"column":2},"end":{"line":57,"column":2}},{"start":{"line":57,"column":2},"end":{"line":57,"column":2}}]},"5":{"line":74,"type":"if","locations":[{"start":{"line":74,"column":2},"end":{"line":74,"column":2}},{"start":{"line":74,"column":2},"end":{"line":74,"column":2}}]},"6":{"line":74,"type":"binary-expr","locations":[{"start":{"line":74,"column":5},"end":{"line":74,"column":12}},{"start":{"line":74,"column":16},"end":{"line":74,"column":43}}]},"7":{"line":98,"type":"if","locations":[{"start":{"line":98,"column":2},"end":{"line":98,"column":2}},{"start":{"line":98,"column":2},"end":{"line":98,"column":2}}]},"8":{"line":108,"type":"if","locations":[{"start":{"line":108,"column":2},"end":{"line":108,"column":2}},{"start":{"line":108,"column":2},"end":{"line":108,"column":2}}]},"9":{"line":108,"type":"binary-expr","locations":[{"start":{"line":108,"column":5},"end":{"line":108,"column":10}},{"start":{"line":108,"column":14},"end":{"line":108,"column":38}}]},"10":{"line":123,"type":"if","locations":[{"start":{"line":123,"column":2},"end":{"line":123,"column":2}},{"start":{"line":123,"column":2},"end":{"line":123,"column":2}}]}},"code":["'use strict'","","exports.shader   = getShaderReference","exports.program  = createProgram","","var GLError = require(\"./GLError\")","var formatCompilerError = require('gl-format-compiler-error');","","var weakMap = typeof WeakMap === 'undefined' ? require('weakmap-shim') : WeakMap","var CACHE = new weakMap()","","var SHADER_COUNTER = 0","","function ShaderReference(id, src, type, shader, programs, count, cache) {","  this.id       = id","  this.src      = src","  this.type     = type","  this.shader   = shader","  this.count    = count","  this.programs = []","  this.cache    = cache","}","","ShaderReference.prototype.dispose = function() {","  if(--this.count === 0) {","    var cache    = this.cache","    var gl       = cache.gl","","    //Remove program references","    var programs = this.programs","    for(var i=0, n=programs.length; i<n; ++i) {","      var p = cache.programs[programs[i]]","      if(p) {","        delete cache.programs[i]","        gl.deleteProgram(p)","      }","    }","","    //Remove shader reference","    gl.deleteShader(this.shader)","    delete cache.shaders[(this.type === gl.FRAGMENT_SHADER)|0][this.src]","  }","}","","function ContextCache(gl) {","  this.gl       = gl","  this.shaders  = [{}, {}]","  this.programs = {}","}","","var proto = ContextCache.prototype","","function compileShader(gl, type, src) {","  var shader = gl.createShader(type)","  gl.shaderSource(shader, src)","  gl.compileShader(shader)","  if(!gl.getShaderParameter(shader, gl.COMPILE_STATUS)) {","    var errLog = gl.getShaderInfoLog(shader)","    try {","        var fmt = formatCompilerError(errLog, src, type);","    } catch (e){","        console.warn('Failed to format compiler error: ' + e);","        throw new GLError(errLog, 'Error compiling shader:\\n' + errLog)","    }","    throw new GLError(errLog, fmt.short, fmt.long)","  }","  return shader","}","","proto.getShaderReference = function(type, src) {","  var gl      = this.gl","  var shaders = this.shaders[(type === gl.FRAGMENT_SHADER)|0]","  var shader  = shaders[src]","  if(!shader || !gl.isShader(shader.shader)) {","    var shaderObj = compileShader(gl, type, src)","    shader = shaders[src] = new ShaderReference(","      SHADER_COUNTER++,","      src,","      type,","      shaderObj,","      [],","      1,","      this)","  } else {","    shader.count += 1","  }","  return shader","}","","function linkProgram(gl, vshader, fshader, attribs, locations) {","  var program = gl.createProgram()","  gl.attachShader(program, vshader)","  gl.attachShader(program, fshader)","  for(var i=0; i<attribs.length; ++i) {","    gl.bindAttribLocation(program, locations[i], attribs[i])","  }","  gl.linkProgram(program)","  if(!gl.getProgramParameter(program, gl.LINK_STATUS)) {","    var errLog = gl.getProgramInfoLog(program)","    throw new GLError(errLog, 'Error linking program: ' + errLog)","  }","  return program","}","","proto.getProgram = function(vref, fref, attribs, locations) {","  var token = [vref.id, fref.id, attribs.join(':'), locations.join(':')].join('@')","  var prog  = this.programs[token]","  if(!prog || !this.gl.isProgram(prog)) {","    this.programs[token] = prog = linkProgram(","      this.gl,","      vref.shader,","      fref.shader,","      attribs,","      locations)","    vref.programs.push(token)","    fref.programs.push(token)","  }","  return prog","}","","function getCache(gl) {","  var ctxCache = CACHE.get(gl)","  if(!ctxCache) {","    ctxCache = new ContextCache(gl)","    CACHE.set(gl, ctxCache)","  }","  return ctxCache","}","","function getShaderReference(gl, type, src) {","  return getCache(gl).getShaderReference(type, src)","}","","function createProgram(gl, vref, fref, attribs, locations) {","  return getCache(gl).getProgram(vref, fref, attribs, locations)","}",""],"l":{"3":1,"4":1,"6":1,"7":1,"9":1,"10":1,"12":1,"14":1,"15":0,"16":0,"17":0,"18":0,"19":0,"20":0,"21":0,"24":1,"25":0,"26":0,"27":0,"30":0,"31":0,"32":0,"33":0,"34":0,"35":0,"40":0,"41":0,"45":1,"46":0,"47":0,"48":0,"51":1,"53":1,"54":0,"55":0,"56":0,"57":0,"58":0,"59":0,"60":0,"62":0,"63":0,"65":0,"67":0,"70":1,"71":0,"72":0,"73":0,"74":0,"75":0,"76":0,"85":0,"87":0,"90":1,"91":0,"92":0,"93":0,"94":0,"95":0,"97":0,"98":0,"99":0,"100":0,"102":0,"105":1,"106":0,"107":0,"108":0,"109":0,"115":0,"116":0,"118":0,"121":1,"122":0,"123":0,"124":0,"125":0,"127":0,"130":1,"131":0,"134":1,"135":0}},"/home/travis/build/npmtest/node-npmtest-gl-shader/node_modules/gl-shader/lib/runtime-reflect.js":{"path":"/home/travis/build/npmtest/node-npmtest-gl-shader/node_modules/gl-shader/lib/runtime-reflect.js","s":{"1":1,"2":1,"3":1,"4":1,"5":1,"6":0,"7":0,"8":0,"9":0,"10":0,"11":0,"12":0,"13":1,"14":0,"15":0,"16":0,"17":0,"18":0,"19":0,"20":0,"21":0,"22":0,"23":0,"24":0,"25":1,"26":0,"27":0,"28":0,"29":0,"30":0,"31":0,"32":0},"b":{"1":[0,0],"2":[0,0],"3":[0,0],"4":[0,0]},"f":{"1":0,"2":0,"3":0},"fnMap":{"1":{"name":"getType","line":28,"loc":{"start":{"line":28,"column":0},"end":{"line":28,"column":27}}},"2":{"name":"runtimeUniforms","line":40,"loc":{"start":{"line":40,"column":0},"end":{"line":40,"column":38}}},"3":{"name":"runtimeAttributes","line":65,"loc":{"start":{"line":65,"column":0},"end":{"line":65,"column":40}}}},"statementMap":{"1":{"start":{"line":3,"column":0},"end":{"line":3,"column":37}},"2":{"start":{"line":4,"column":0},"end":{"line":4,"column":39}},"3":{"start":{"line":6,"column":0},"end":{"line":24,"column":1}},"4":{"start":{"line":26,"column":0},"end":{"line":26,"column":19}},"5":{"start":{"line":28,"column":0},"end":{"line":38,"column":1}},"6":{"start":{"line":29,"column":2},"end":{"line":36,"column":3}},"7":{"start":{"line":30,"column":4},"end":{"line":30,"column":49}},"8":{"start":{"line":31,"column":4},"end":{"line":31,"column":17}},"9":{"start":{"line":32,"column":4},"end":{"line":35,"column":5}},"10":{"start":{"line":33,"column":6},"end":{"line":33,"column":27}},"11":{"start":{"line":34,"column":6},"end":{"line":34,"column":45}},"12":{"start":{"line":37,"column":2},"end":{"line":37,"column":23}},"13":{"start":{"line":40,"column":0},"end":{"line":63,"column":1}},"14":{"start":{"line":41,"column":2},"end":{"line":41,"column":71}},"15":{"start":{"line":42,"column":2},"end":{"line":42,"column":17}},"16":{"start":{"line":43,"column":2},"end":{"line":61,"column":3}},"17":{"start":{"line":44,"column":4},"end":{"line":44,"column":46}},"18":{"start":{"line":45,"column":4},"end":{"line":60,"column":5}},"19":{"start":{"line":46,"column":6},"end":{"line":46,"column":39}},"20":{"start":{"line":47,"column":6},"end":{"line":59,"column":7}},"21":{"start":{"line":48,"column":8},"end":{"line":53,"column":9}},"22":{"start":{"line":49,"column":10},"end":{"line":52,"column":12}},"23":{"start":{"line":55,"column":8},"end":{"line":58,"column":10}},"24":{"start":{"line":62,"column":2},"end":{"line":62,"column":15}},"25":{"start":{"line":65,"column":0},"end":{"line":78,"column":1}},"26":{"start":{"line":66,"column":2},"end":{"line":66,"column":75}},"27":{"start":{"line":67,"column":2},"end":{"line":67,"column":17}},"28":{"start":{"line":68,"column":2},"end":{"line":76,"column":3}},"29":{"start":{"line":69,"column":4},"end":{"line":69,"column":45}},"30":{"start":{"line":70,"column":4},"end":{"line":75,"column":5}},"31":{"start":{"line":71,"column":6},"end":{"line":74,"column":8}},"32":{"start":{"line":77,"column":2},"end":{"line":77,"column":15}}},"branchMap":{"1":{"line":29,"type":"if","locations":[{"start":{"line":29,"column":2},"end":{"line":29,"column":2}},{"start":{"line":29,"column":2},"end":{"line":29,"column":2}}]},"2":{"line":45,"type":"if","locations":[{"start":{"line":45,"column":4},"end":{"line":45,"column":4}},{"start":{"line":45,"column":4},"end":{"line":45,"column":4}}]},"3":{"line":47,"type":"if","locations":[{"start":{"line":47,"column":6},"end":{"line":47,"column":6}},{"start":{"line":47,"column":6},"end":{"line":47,"column":6}}]},"4":{"line":70,"type":"if","locations":[{"start":{"line":70,"column":4},"end":{"line":70,"column":4}},{"start":{"line":70,"column":4},"end":{"line":70,"column":4}}]}},"code":["'use strict'","","exports.uniforms    = runtimeUniforms","exports.attributes  = runtimeAttributes","","var GL_TO_GLSL_TYPES = {","  'FLOAT':       'float',","  'FLOAT_VEC2':  'vec2',","  'FLOAT_VEC3':  'vec3',","  'FLOAT_VEC4':  'vec4',","  'INT':         'int',","  'INT_VEC2':    'ivec2',","  'INT_VEC3':    'ivec3',","  'INT_VEC4':    'ivec4',","  'BOOL':        'bool',","  'BOOL_VEC2':   'bvec2',","  'BOOL_VEC3':   'bvec3',","  'BOOL_VEC4':   'bvec4',","  'FLOAT_MAT2':  'mat2',","  'FLOAT_MAT3':  'mat3',","  'FLOAT_MAT4':  'mat4',","  'SAMPLER_2D':  'sampler2D',","  'SAMPLER_CUBE':'samplerCube'","}","","var GL_TABLE = null","","function getType(gl, type) {","  if(!GL_TABLE) {","    var typeNames = Object.keys(GL_TO_GLSL_TYPES)","    GL_TABLE = {}","    for(var i=0; i<typeNames.length; ++i) {","      var tn = typeNames[i]","      GL_TABLE[gl[tn]] = GL_TO_GLSL_TYPES[tn]","    }","  }","  return GL_TABLE[type]","}","","function runtimeUniforms(gl, program) {","  var numUniforms = gl.getProgramParameter(program, gl.ACTIVE_UNIFORMS)","  var result = []","  for(var i=0; i<numUniforms; ++i) {","    var info = gl.getActiveUniform(program, i)","    if(info) {","      var type = getType(gl, info.type)","      if(info.size > 1) {","        for(var j=0; j<info.size; ++j) {","          result.push({","            name: info.name.replace('[0]', '[' + j + ']'),","            type: type","          })","        }","      } else {","        result.push({","          name: info.name,","          type: type","        })","      }","    }","  }","  return result","}","","function runtimeAttributes(gl, program) {","  var numAttributes = gl.getProgramParameter(program, gl.ACTIVE_ATTRIBUTES)","  var result = []","  for(var i=0; i<numAttributes; ++i) {","    var info = gl.getActiveAttrib(program, i)","    if(info) {","      result.push({","        name: info.name,","        type: getType(gl, info.type)","      })","    }","  }","  return result","}",""],"l":{"3":1,"4":1,"6":1,"26":1,"28":1,"29":0,"30":0,"31":0,"32":0,"33":0,"34":0,"37":0,"40":1,"41":0,"42":0,"43":0,"44":0,"45":0,"46":0,"47":0,"48":0,"49":0,"55":0,"62":0,"65":1,"66":0,"67":0,"68":0,"69":0,"70":0,"71":0,"77":0}}}